10/10/2020 19:30:42 - INFO: dict_items([('base_model', 'SageDy'), ('model', 'default'), ('dataset', 'ml-10m_new'), ('time_steps', 10), ('GPU_ID', 0), ('epochs', 100), ('batch_size', 128), ('featureless', True), ('max_gradient_norm', 1.0), ('test_freq', 1), ('val_freq', 1), ('neg_sample_size', 10), ('walk_len', 40), ('neg_weight', 0.8), ('learning_rate', 0.0001), ('spatial_drop', 0.1), ('temporal_drop', 0.5), ('weight_decay', 0.0005), ('use_residual', False), ('identity_dim', 128), ('aggregator_layer', 'sagedy'), ('samples_1', 25), ('samples_2', 10), ('dim_1', 128), ('dim_2', 128), ('hidden1', 128), ('hidden2', 128), ('max_degree', 100), ('structural_head_config', '16'), ('structural_layer_config', '128'), ('temporal_head_config', '16'), ('temporal_layer_config', '128'), ('position_ffn', True), ('optimizer', 'adam'), ('seed', 7), ('save_dir', 'output'), ('log_dir', 'log'), ('csv_dir', 'csv'), ('model_dir', 'model'), ('window', -1)])
10/10/2020 19:30:53 - INFO: # train: 287, # val: 286, # test: 858
10/10/2020 19:31:53 - WARNING: From C:\Users\Administrator\Desktop\SageDy\SageDy\models.py:330: arg_max (from tensorflow.python.ops.gen_math_ops) is deprecated and will be removed in a future version.
Instructions for updating:
Use `argmax` instead
10/10/2020 19:32:14 - INFO: Mini batch Iter: 0 train_loss= 11.22898
10/10/2020 19:32:14 - INFO: Time for Mini batch : 12.343525171279907
10/10/2020 19:32:14 - INFO: Mini batch Iter: 1 train_loss= 11.22898
10/10/2020 19:32:14 - INFO: Time for Mini batch : 0.04686474800109863
10/10/2020 19:32:14 - INFO: Mini batch Iter: 2 train_loss= 11.22912
10/10/2020 19:32:14 - INFO: Time for Mini batch : 0.046864986419677734
10/10/2020 19:32:15 - INFO: Mini batch Iter: 3 train_loss= 11.23431
10/10/2020 19:32:15 - INFO: Time for Mini batch : 0.046837568283081055
10/10/2020 19:32:15 - INFO: Mini batch Iter: 4 train_loss= 11.22898
10/10/2020 19:32:15 - INFO: Time for Mini batch : 0.031214475631713867
10/10/2020 19:32:15 - INFO: Mini batch Iter: 5 train_loss= 11.22738
10/10/2020 19:32:15 - INFO: Time for Mini batch : 0.04686689376831055
10/10/2020 19:32:15 - INFO: Mini batch Iter: 6 train_loss= 11.22630
10/10/2020 19:32:15 - INFO: Time for Mini batch : 0.04689192771911621
10/10/2020 19:32:15 - INFO: Mini batch Iter: 7 train_loss= 11.22898
10/10/2020 19:32:15 - INFO: Time for Mini batch : 0.047371864318847656
10/10/2020 19:32:15 - INFO: Mini batch Iter: 8 train_loss= 11.23175
10/10/2020 19:32:15 - INFO: Time for Mini batch : 0.04686260223388672
10/10/2020 19:32:15 - INFO: Mini batch Iter: 9 train_loss= 11.22898
10/10/2020 19:32:15 - INFO: Time for Mini batch : 0.04687023162841797
10/10/2020 19:32:15 - INFO: Mini batch Iter: 10 train_loss= 11.22471
10/10/2020 19:32:15 - INFO: Time for Mini batch : 0.03131222724914551
10/10/2020 19:32:16 - INFO: Mini batch Iter: 11 train_loss= 11.22898
10/10/2020 19:32:16 - INFO: Time for Mini batch : 0.062486886978149414
10/10/2020 19:32:16 - INFO: Mini batch Iter: 12 train_loss= 11.22898
10/10/2020 19:32:16 - INFO: Time for Mini batch : 0.046866655349731445
10/10/2020 19:32:16 - INFO: Mini batch Iter: 13 train_loss= 11.22741
10/10/2020 19:32:16 - INFO: Time for Mini batch : 0.04686284065246582
10/10/2020 19:32:16 - INFO: Mini batch Iter: 14 train_loss= 11.23665
10/10/2020 19:32:16 - INFO: Time for Mini batch : 0.047308921813964844
10/10/2020 19:32:16 - INFO: Mini batch Iter: 15 train_loss= 11.22898
10/10/2020 19:32:16 - INFO: Time for Mini batch : 0.04679059982299805
10/10/2020 19:32:16 - INFO: Mini batch Iter: 16 train_loss= 11.22898
10/10/2020 19:32:16 - INFO: Time for Mini batch : 0.04686403274536133
10/10/2020 19:32:16 - INFO: Mini batch Iter: 17 train_loss= 11.22898
10/10/2020 19:32:16 - INFO: Time for Mini batch : 0.046865224838256836
10/10/2020 19:32:17 - INFO: Mini batch Iter: 18 train_loss= 11.22244
10/10/2020 19:32:17 - INFO: Time for Mini batch : 0.04695868492126465
10/10/2020 19:32:17 - INFO: Mini batch Iter: 19 train_loss= 11.22898
10/10/2020 19:32:17 - INFO: Time for Mini batch : 0.04689192771911621
10/10/2020 19:32:17 - INFO: Mini batch Iter: 20 train_loss= 11.22898
10/10/2020 19:32:17 - INFO: Time for Mini batch : 0.04683637619018555
10/10/2020 19:32:17 - INFO: Mini batch Iter: 21 train_loss= 11.22898
10/10/2020 19:32:17 - INFO: Time for Mini batch : 0.047286033630371094
10/10/2020 19:32:17 - INFO: Mini batch Iter: 22 train_loss= 11.22764
10/10/2020 19:32:17 - INFO: Time for Mini batch : 0.04689311981201172
10/10/2020 19:32:17 - INFO: Mini batch Iter: 23 train_loss= 11.22898
10/10/2020 19:32:17 - INFO: Time for Mini batch : 0.04683637619018555
10/10/2020 19:32:17 - INFO: Mini batch Iter: 24 train_loss= 11.22655
10/10/2020 19:32:17 - INFO: Time for Mini batch : 0.06251358985900879
10/10/2020 19:32:17 - INFO: Mini batch Iter: 25 train_loss= 11.22898
10/10/2020 19:32:17 - INFO: Time for Mini batch : 0.04686117172241211
10/10/2020 19:32:18 - INFO: Mini batch Iter: 26 train_loss= 11.23189
10/10/2020 19:32:18 - INFO: Time for Mini batch : 0.046784162521362305
10/10/2020 19:32:18 - INFO: Mini batch Iter: 27 train_loss= 11.23143
10/10/2020 19:32:18 - INFO: Time for Mini batch : 0.04689311981201172
10/10/2020 19:32:18 - INFO: Mini batch Iter: 28 train_loss= 11.22898
10/10/2020 19:32:18 - INFO: Time for Mini batch : 0.04683661460876465
10/10/2020 19:32:18 - INFO: Mini batch Iter: 29 train_loss= 11.22856
10/10/2020 19:32:18 - INFO: Time for Mini batch : 0.04736971855163574
10/10/2020 19:32:18 - INFO: Mini batch Iter: 30 train_loss= 11.22898
10/10/2020 19:32:18 - INFO: Time for Mini batch : 0.0468595027923584
10/10/2020 19:32:18 - INFO: Mini batch Iter: 31 train_loss= 11.22791
10/10/2020 19:32:18 - INFO: Time for Mini batch : 0.046868324279785156
10/10/2020 19:32:18 - INFO: Mini batch Iter: 32 train_loss= 11.22898
10/10/2020 19:32:18 - INFO: Time for Mini batch : 0.046889543533325195
10/10/2020 19:32:18 - INFO: Mini batch Iter: 33 train_loss= 11.22898
10/10/2020 19:32:18 - INFO: Time for Mini batch : 0.046864986419677734
10/10/2020 19:32:19 - INFO: Mini batch Iter: 34 train_loss= 11.22898
10/10/2020 19:32:19 - INFO: Time for Mini batch : 0.04677891731262207
10/10/2020 19:32:19 - INFO: Mini batch Iter: 35 train_loss= 11.22898
10/10/2020 19:32:19 - INFO: Time for Mini batch : 0.046859025955200195
10/10/2020 19:32:19 - INFO: Mini batch Iter: 36 train_loss= 11.22898
10/10/2020 19:32:19 - INFO: Time for Mini batch : 0.04683637619018555
10/10/2020 19:32:19 - INFO: Mini batch Iter: 37 train_loss= 11.22898
10/10/2020 19:32:19 - INFO: Time for Mini batch : 0.0467524528503418
10/10/2020 19:32:19 - INFO: Mini batch Iter: 38 train_loss= 11.22898
10/10/2020 19:32:19 - INFO: Time for Mini batch : 0.04686450958251953
10/10/2020 19:32:19 - INFO: Mini batch Iter: 39 train_loss= 11.23021
10/10/2020 19:32:19 - INFO: Time for Mini batch : 0.04683256149291992
10/10/2020 19:32:19 - INFO: Mini batch Iter: 40 train_loss= 11.22898
10/10/2020 19:32:19 - INFO: Time for Mini batch : 0.046865224838256836
10/10/2020 19:32:20 - INFO: Mini batch Iter: 41 train_loss= 11.22898
10/10/2020 19:32:20 - INFO: Time for Mini batch : 0.04687213897705078
10/10/2020 19:32:20 - INFO: Mini batch Iter: 42 train_loss= 11.22898
10/10/2020 19:32:20 - INFO: Time for Mini batch : 0.047339677810668945
10/10/2020 19:32:20 - INFO: Mini batch Iter: 43 train_loss= 11.22898
10/10/2020 19:32:20 - INFO: Time for Mini batch : 0.04663848876953125
10/10/2020 19:32:20 - INFO: Mini batch Iter: 44 train_loss= 11.22898
10/10/2020 19:32:20 - INFO: Time for Mini batch : 0.04736804962158203
10/10/2020 19:32:20 - INFO: Mini batch Iter: 45 train_loss= 11.22898
10/10/2020 19:32:20 - INFO: Time for Mini batch : 0.04675149917602539
10/10/2020 19:32:20 - INFO: Mini batch Iter: 46 train_loss= 11.22898
10/10/2020 19:32:20 - INFO: Time for Mini batch : 0.04686450958251953
10/10/2020 19:32:20 - INFO: Mini batch Iter: 47 train_loss= 11.22898
10/10/2020 19:32:20 - INFO: Time for Mini batch : 0.046868085861206055
10/10/2020 19:32:20 - INFO: Mini batch Iter: 48 train_loss= 11.22716
10/10/2020 19:32:20 - INFO: Time for Mini batch : 0.046866655349731445
10/10/2020 19:32:21 - INFO: Mini batch Iter: 49 train_loss= 11.22898
10/10/2020 19:32:21 - INFO: Time for Mini batch : 0.04686427116394043
10/10/2020 19:32:21 - INFO: Mini batch Iter: 50 train_loss= 11.22898
10/10/2020 19:32:21 - INFO: Time for Mini batch : 0.04678988456726074
10/10/2020 19:32:21 - INFO: Mini batch Iter: 51 train_loss= 11.22898
10/10/2020 19:32:21 - INFO: Time for Mini batch : 0.04680514335632324
10/10/2020 19:32:21 - INFO: Mini batch Iter: 52 train_loss= 11.22775
10/10/2020 19:32:21 - INFO: Time for Mini batch : 0.046836137771606445
10/10/2020 19:32:21 - INFO: Mini batch Iter: 53 train_loss= 11.22898
10/10/2020 19:32:21 - INFO: Time for Mini batch : 0.046835899353027344
10/10/2020 19:32:21 - INFO: Mini batch Iter: 54 train_loss= 11.22898
10/10/2020 19:32:21 - INFO: Time for Mini batch : 0.0468747615814209
10/10/2020 19:32:21 - INFO: Mini batch Iter: 55 train_loss= 11.22898
10/10/2020 19:32:21 - INFO: Time for Mini batch : 0.046862125396728516
10/10/2020 19:32:21 - INFO: Mini batch Iter: 56 train_loss= 11.22646
10/10/2020 19:32:21 - INFO: Time for Mini batch : 0.04683566093444824
10/10/2020 19:32:22 - INFO: Mini batch Iter: 57 train_loss= nan
10/10/2020 19:32:22 - INFO: Time for Mini batch : 0.046753883361816406
10/10/2020 19:32:22 - INFO: Mini batch Iter: 58 train_loss= nan
10/10/2020 19:32:22 - INFO: Time for Mini batch : 0.04678058624267578
10/10/2020 19:32:22 - INFO: Mini batch Iter: 59 train_loss= nan
10/10/2020 19:32:22 - INFO: Time for Mini batch : 0.04686450958251953
10/10/2020 19:32:22 - INFO: Mini batch Iter: 60 train_loss= nan
10/10/2020 19:32:22 - INFO: Time for Mini batch : 0.04685688018798828
10/10/2020 19:32:22 - INFO: Mini batch Iter: 61 train_loss= nan
10/10/2020 19:32:22 - INFO: Time for Mini batch : 0.04683518409729004
10/10/2020 19:32:22 - INFO: Mini batch Iter: 62 train_loss= nan
10/10/2020 19:32:22 - INFO: Time for Mini batch : 0.04683494567871094
10/10/2020 19:32:23 - INFO: Mini batch Iter: 63 train_loss= nan
10/10/2020 19:32:23 - INFO: Time for Mini batch : 0.0474240779876709
10/10/2020 19:32:23 - INFO: Mini batch Iter: 64 train_loss= nan
10/10/2020 19:32:23 - INFO: Time for Mini batch : 0.0468144416809082
10/10/2020 19:32:23 - INFO: Mini batch Iter: 65 train_loss= nan
10/10/2020 19:32:23 - INFO: Time for Mini batch : 0.046895503997802734
10/10/2020 19:32:23 - INFO: Mini batch Iter: 66 train_loss= nan
10/10/2020 19:32:23 - INFO: Time for Mini batch : 0.04686379432678223
10/10/2020 19:32:23 - INFO: Mini batch Iter: 67 train_loss= nan
10/10/2020 19:32:23 - INFO: Time for Mini batch : 0.046897172927856445
10/10/2020 19:32:23 - INFO: Mini batch Iter: 68 train_loss= nan
10/10/2020 19:32:23 - INFO: Time for Mini batch : 0.046835899353027344
10/10/2020 19:32:23 - INFO: Mini batch Iter: 69 train_loss= nan
10/10/2020 19:32:23 - INFO: Time for Mini batch : 0.031215429306030273
10/10/2020 19:32:23 - INFO: Mini batch Iter: 70 train_loss= nan
10/10/2020 19:32:23 - INFO: Time for Mini batch : 0.04737067222595215
10/10/2020 19:32:24 - INFO: Mini batch Iter: 71 train_loss= nan
10/10/2020 19:32:24 - INFO: Time for Mini batch : 0.046822309494018555
10/10/2020 19:32:24 - INFO: Mini batch Iter: 72 train_loss= nan
10/10/2020 19:32:24 - INFO: Time for Mini batch : 0.046892642974853516
10/10/2020 19:32:24 - INFO: Mini batch Iter: 73 train_loss= nan
10/10/2020 19:32:24 - INFO: Time for Mini batch : 0.06129026412963867
10/10/2020 19:32:24 - INFO: Mini batch Iter: 74 train_loss= nan
10/10/2020 19:32:24 - INFO: Time for Mini batch : 0.04658055305480957
10/10/2020 19:32:24 - INFO: Mini batch Iter: 75 train_loss= nan
10/10/2020 19:32:24 - INFO: Time for Mini batch : 0.04707527160644531
10/10/2020 19:32:24 - INFO: Mini batch Iter: 76 train_loss= nan
10/10/2020 19:32:24 - INFO: Time for Mini batch : 0.0468595027923584
10/10/2020 19:32:25 - INFO: Mini batch Iter: 77 train_loss= nan
10/10/2020 19:32:25 - INFO: Time for Mini batch : 0.04686737060546875
10/10/2020 19:32:25 - INFO: Mini batch Iter: 78 train_loss= nan
10/10/2020 19:32:25 - INFO: Time for Mini batch : 0.03124547004699707
10/10/2020 19:32:25 - INFO: Mini batch Iter: 79 train_loss= nan
10/10/2020 19:32:25 - INFO: Time for Mini batch : 0.04696226119995117
10/10/2020 19:32:25 - INFO: Mini batch Iter: 80 train_loss= nan
10/10/2020 19:32:25 - INFO: Time for Mini batch : 0.04686379432678223
10/10/2020 19:32:25 - INFO: Mini batch Iter: 81 train_loss= nan
10/10/2020 19:32:25 - INFO: Time for Mini batch : 0.031132936477661133
10/10/2020 19:32:25 - INFO: Mini batch Iter: 82 train_loss= nan
10/10/2020 19:32:25 - INFO: Time for Mini batch : 0.031245708465576172
10/10/2020 19:32:25 - INFO: Mini batch Iter: 83 train_loss= nan
10/10/2020 19:32:25 - INFO: Time for Mini batch : 0.04689383506774902
10/10/2020 19:32:26 - INFO: Mini batch Iter: 84 train_loss= nan
10/10/2020 19:32:26 - INFO: Time for Mini batch : 0.04730081558227539
10/10/2020 19:32:26 - INFO: Mini batch Iter: 85 train_loss= nan
10/10/2020 19:32:26 - INFO: Time for Mini batch : 0.0467829704284668
10/10/2020 19:32:26 - INFO: Mini batch Iter: 86 train_loss= nan
10/10/2020 19:32:26 - INFO: Time for Mini batch : 0.031242847442626953
10/10/2020 19:32:26 - INFO: Mini batch Iter: 87 train_loss= nan
10/10/2020 19:32:26 - INFO: Time for Mini batch : 0.04688143730163574
10/10/2020 19:32:26 - INFO: Mini batch Iter: 88 train_loss= nan
10/10/2020 19:32:26 - INFO: Time for Mini batch : 0.04678797721862793
10/10/2020 19:32:26 - INFO: Mini batch Iter: 89 train_loss= nan
10/10/2020 19:32:26 - INFO: Time for Mini batch : 0.04678630828857422
10/10/2020 19:32:27 - INFO: Mini batch Iter: 90 train_loss= nan
10/10/2020 19:32:27 - INFO: Time for Mini batch : 0.04725766181945801
10/10/2020 19:32:27 - INFO: Mini batch Iter: 91 train_loss= nan
10/10/2020 19:32:27 - INFO: Time for Mini batch : 0.04675555229187012
10/10/2020 19:32:27 - INFO: Mini batch Iter: 92 train_loss= nan
10/10/2020 19:32:27 - INFO: Time for Mini batch : 0.04686450958251953
10/10/2020 19:32:27 - INFO: Mini batch Iter: 93 train_loss= nan
10/10/2020 19:32:27 - INFO: Time for Mini batch : 0.04683876037597656
10/10/2020 19:32:27 - INFO: Mini batch Iter: 94 train_loss= nan
10/10/2020 19:32:27 - INFO: Time for Mini batch : 0.046637535095214844
10/10/2020 19:32:27 - INFO: Mini batch Iter: 95 train_loss= nan
10/10/2020 19:32:27 - INFO: Time for Mini batch : 0.04689288139343262
10/10/2020 19:32:27 - INFO: Mini batch Iter: 96 train_loss= nan
10/10/2020 19:32:27 - INFO: Time for Mini batch : 0.04686784744262695
10/10/2020 19:32:28 - INFO: Mini batch Iter: 97 train_loss= nan
10/10/2020 19:32:28 - INFO: Time for Mini batch : 0.046886444091796875
10/10/2020 19:32:28 - INFO: Mini batch Iter: 98 train_loss= nan
10/10/2020 19:32:28 - INFO: Time for Mini batch : 0.047257184982299805
10/10/2020 19:32:28 - INFO: Mini batch Iter: 99 train_loss= nan
10/10/2020 19:32:28 - INFO: Time for Mini batch : 0.046790361404418945
10/10/2020 19:32:28 - INFO: Mini batch Iter: 100 train_loss= nan
10/10/2020 19:32:28 - INFO: Time for Mini batch : 0.04686236381530762
10/10/2020 19:32:28 - INFO: Mini batch Iter: 101 train_loss= nan
10/10/2020 19:32:28 - INFO: Time for Mini batch : 0.04686450958251953
10/10/2020 19:32:28 - INFO: Mini batch Iter: 102 train_loss= nan
10/10/2020 19:32:28 - INFO: Time for Mini batch : 0.04733610153198242
10/10/2020 19:32:28 - INFO: Mini batch Iter: 103 train_loss= nan
10/10/2020 19:32:28 - INFO: Time for Mini batch : 0.0468144416809082
10/10/2020 19:32:28 - INFO: Mini batch Iter: 104 train_loss= nan
10/10/2020 19:32:28 - INFO: Time for Mini batch : 0.04686450958251953
10/10/2020 19:32:29 - INFO: Mini batch Iter: 105 train_loss= nan
10/10/2020 19:32:29 - INFO: Time for Mini batch : 0.04711341857910156
10/10/2020 19:32:29 - INFO: Mini batch Iter: 106 train_loss= nan
10/10/2020 19:32:29 - INFO: Time for Mini batch : 0.04683732986450195
10/10/2020 19:32:29 - INFO: Mini batch Iter: 107 train_loss= nan
10/10/2020 19:32:29 - INFO: Time for Mini batch : 0.0447840690612793
10/10/2020 19:32:29 - INFO: Mini batch Iter: 108 train_loss= nan
10/10/2020 19:32:29 - INFO: Time for Mini batch : 0.046892642974853516
10/10/2020 19:32:29 - INFO: Mini batch Iter: 109 train_loss= nan
10/10/2020 19:32:29 - INFO: Time for Mini batch : 0.04688692092895508
10/10/2020 19:32:29 - INFO: Mini batch Iter: 110 train_loss= nan
10/10/2020 19:32:29 - INFO: Time for Mini batch : 0.04737138748168945
10/10/2020 19:32:30 - INFO: Mini batch Iter: 111 train_loss= nan
10/10/2020 19:32:30 - INFO: Time for Mini batch : 0.04686450958251953
10/10/2020 19:32:30 - INFO: Mini batch Iter: 112 train_loss= nan
10/10/2020 19:32:30 - INFO: Time for Mini batch : 0.04737210273742676
10/10/2020 19:32:30 - INFO: Mini batch Iter: 113 train_loss= nan
10/10/2020 19:32:30 - INFO: Time for Mini batch : 0.04675936698913574
10/10/2020 19:32:30 - INFO: Mini batch Iter: 114 train_loss= nan
10/10/2020 19:32:30 - INFO: Time for Mini batch : 0.04686379432678223
10/10/2020 19:32:30 - INFO: Mini batch Iter: 115 train_loss= nan
10/10/2020 19:32:30 - INFO: Time for Mini batch : 0.046640872955322266
10/10/2020 19:32:31 - INFO: Mini batch Iter: 116 train_loss= nan
10/10/2020 19:32:31 - INFO: Time for Mini batch : 0.04683637619018555
10/10/2020 19:32:31 - INFO: Mini batch Iter: 117 train_loss= nan
10/10/2020 19:32:31 - INFO: Time for Mini batch : 0.04686427116394043
10/10/2020 19:32:31 - INFO: Mini batch Iter: 118 train_loss= nan
10/10/2020 19:32:31 - INFO: Time for Mini batch : 0.04689335823059082
10/10/2020 19:32:31 - INFO: Mini batch Iter: 119 train_loss= nan
10/10/2020 19:32:31 - INFO: Time for Mini batch : 0.04686689376831055
10/10/2020 19:32:31 - INFO: Mini batch Iter: 120 train_loss= nan
10/10/2020 19:32:31 - INFO: Time for Mini batch : 0.04683685302734375
10/10/2020 19:32:32 - INFO: Mini batch Iter: 121 train_loss= nan
10/10/2020 19:32:32 - INFO: Time for Mini batch : 0.046637773513793945
10/10/2020 19:32:32 - INFO: Mini batch Iter: 122 train_loss= nan
10/10/2020 19:32:32 - INFO: Time for Mini batch : 0.04681205749511719
10/10/2020 19:32:32 - INFO: Mini batch Iter: 123 train_loss= nan
10/10/2020 19:32:32 - INFO: Time for Mini batch : 0.04694318771362305
10/10/2020 19:32:32 - INFO: Mini batch Iter: 124 train_loss= nan
10/10/2020 19:32:32 - INFO: Time for Mini batch : 0.046892404556274414
10/10/2020 19:32:32 - INFO: Mini batch Iter: 125 train_loss= nan
10/10/2020 19:32:32 - INFO: Time for Mini batch : 0.04683637619018555
10/10/2020 19:32:32 - INFO: Mini batch Iter: 126 train_loss= nan
10/10/2020 19:32:32 - INFO: Time for Mini batch : 0.046753644943237305
10/10/2020 19:32:32 - INFO: Mini batch Iter: 127 train_loss= nan
10/10/2020 19:32:32 - INFO: Time for Mini batch : 0.047339677810668945
10/10/2020 19:32:34 - INFO: Mini batch Iter: 128 train_loss= nan
10/10/2020 19:32:34 - INFO: Time for Mini batch : 0.049866676330566406
10/10/2020 19:32:34 - INFO: Mini batch Iter: 129 train_loss= nan
10/10/2020 19:32:34 - INFO: Time for Mini batch : 0.04994845390319824
10/10/2020 19:32:34 - INFO: Mini batch Iter: 130 train_loss= nan
10/10/2020 19:32:34 - INFO: Time for Mini batch : 0.046895503997802734
10/10/2020 19:32:34 - INFO: Mini batch Iter: 131 train_loss= nan
10/10/2020 19:32:34 - INFO: Time for Mini batch : 0.04697871208190918
10/10/2020 19:32:34 - INFO: Mini batch Iter: 132 train_loss= nan
10/10/2020 19:32:34 - INFO: Time for Mini batch : 0.04686450958251953
10/10/2020 19:32:34 - INFO: Mini batch Iter: 133 train_loss= nan
10/10/2020 19:32:34 - INFO: Time for Mini batch : 0.04686737060546875
10/10/2020 19:32:35 - INFO: Mini batch Iter: 134 train_loss= nan
10/10/2020 19:32:35 - INFO: Time for Mini batch : 0.04663825035095215
10/10/2020 19:32:35 - INFO: Mini batch Iter: 135 train_loss= nan
10/10/2020 19:32:35 - INFO: Time for Mini batch : 0.04683709144592285
10/10/2020 19:32:35 - INFO: Mini batch Iter: 136 train_loss= nan
10/10/2020 19:32:35 - INFO: Time for Mini batch : 0.04739713668823242
10/10/2020 19:32:35 - INFO: Mini batch Iter: 137 train_loss= nan
10/10/2020 19:32:35 - INFO: Time for Mini batch : 0.04686713218688965
10/10/2020 19:32:35 - INFO: Mini batch Iter: 138 train_loss= nan
10/10/2020 19:32:35 - INFO: Time for Mini batch : 0.04737257957458496
10/10/2020 19:32:36 - INFO: Mini batch Iter: 139 train_loss= nan
10/10/2020 19:32:36 - INFO: Time for Mini batch : 0.04663729667663574
10/10/2020 19:32:36 - INFO: Mini batch Iter: 140 train_loss= nan
10/10/2020 19:32:36 - INFO: Time for Mini batch : 0.04683518409729004
10/10/2020 19:32:36 - INFO: Time for epoch : 18.83486533164978
