10/10/2020 19:14:54 - INFO: dict_items([('base_model', 'SageDy'), ('model', 'default'), ('dataset', 'yelp_new'), ('time_steps', 10), ('GPU_ID', 0), ('epochs', 100), ('batch_size', 256), ('featureless', True), ('max_gradient_norm', 1.0), ('test_freq', 1), ('val_freq', 1), ('neg_sample_size', 10), ('walk_len', 40), ('neg_weight', 1.0), ('learning_rate', 0.0001), ('spatial_drop', 0.1), ('temporal_drop', 0.5), ('weight_decay', 0.0005), ('use_residual', False), ('identity_dim', 128), ('aggregator_layer', 'sagedy'), ('samples_1', 25), ('samples_2', 10), ('dim_1', 128), ('dim_2', 128), ('hidden1', 128), ('hidden2', 128), ('max_degree', 100), ('structural_head_config', '16'), ('structural_layer_config', '128'), ('temporal_head_config', '16'), ('temporal_layer_config', '128'), ('position_ffn', True), ('optimizer', 'adam'), ('seed', 7), ('save_dir', 'output'), ('log_dir', 'log'), ('csv_dir', 'csv'), ('model_dir', 'model'), ('window', -1)])
10/10/2020 19:15:01 - INFO: # train: 1058, # val: 1056, # test: 3170
10/10/2020 19:15:21 - WARNING: From C:\Users\Administrator\Desktop\SageDy\SageDy\models.py:330: arg_max (from tensorflow.python.ops.gen_math_ops) is deprecated and will be removed in a future version.
Instructions for updating:
Use `argmax` instead
10/10/2020 19:15:35 - INFO: Mini batch Iter: 0 train_loss= 12.53479
10/10/2020 19:15:35 - INFO: Time for Mini batch : 4.734155893325806
10/10/2020 19:15:36 - INFO: Mini batch Iter: 1 train_loss= 12.46833
10/10/2020 19:15:36 - INFO: Time for Mini batch : 0.06237435340881348
10/10/2020 19:15:36 - INFO: Mini batch Iter: 2 train_loss= 12.48987
10/10/2020 19:15:36 - INFO: Time for Mini batch : 0.06245875358581543
10/10/2020 19:15:37 - INFO: Mini batch Iter: 3 train_loss= 12.59951
10/10/2020 19:15:37 - INFO: Time for Mini batch : 0.06245684623718262
10/10/2020 19:15:38 - INFO: Mini batch Iter: 4 train_loss= 12.46324
10/10/2020 19:15:38 - INFO: Time for Mini batch : 0.06299209594726562
10/10/2020 19:15:38 - INFO: Mini batch Iter: 5 train_loss= 12.58032
10/10/2020 19:15:38 - INFO: Time for Mini batch : 0.06482672691345215
10/10/2020 19:15:39 - INFO: Mini batch Iter: 6 train_loss= 12.58738
10/10/2020 19:15:39 - INFO: Time for Mini batch : 0.062459468841552734
10/10/2020 19:15:39 - INFO: Mini batch Iter: 7 train_loss= 12.47305
10/10/2020 19:15:39 - INFO: Time for Mini batch : 0.06249570846557617
10/10/2020 19:15:40 - INFO: Mini batch Iter: 8 train_loss= 12.51195
10/10/2020 19:15:40 - INFO: Time for Mini batch : 0.06295895576477051
10/10/2020 19:15:40 - INFO: Mini batch Iter: 9 train_loss= 12.47794
10/10/2020 19:15:40 - INFO: Time for Mini batch : 0.06298971176147461
10/10/2020 19:15:41 - INFO: Mini batch Iter: 10 train_loss= 12.47859
10/10/2020 19:15:41 - INFO: Time for Mini batch : 0.06285429000854492
10/10/2020 19:15:41 - INFO: Mini batch Iter: 11 train_loss= 12.50469
10/10/2020 19:15:41 - INFO: Time for Mini batch : 0.07864117622375488
10/10/2020 19:15:42 - INFO: Mini batch Iter: 12 train_loss= 12.51277
10/10/2020 19:15:42 - INFO: Time for Mini batch : 0.06252932548522949
10/10/2020 19:15:42 - INFO: Mini batch Iter: 13 train_loss= 12.46433
10/10/2020 19:15:42 - INFO: Time for Mini batch : 0.06255412101745605
10/10/2020 19:15:43 - INFO: Mini batch Iter: 14 train_loss= 12.51553
10/10/2020 19:15:43 - INFO: Time for Mini batch : 0.06285381317138672
10/10/2020 19:15:43 - INFO: Mini batch Iter: 15 train_loss= 12.54089
10/10/2020 19:15:43 - INFO: Time for Mini batch : 0.0650641918182373
10/10/2020 19:15:44 - INFO: Mini batch Iter: 16 train_loss= 12.51599
10/10/2020 19:15:44 - INFO: Time for Mini batch : 0.06296300888061523
10/10/2020 19:15:44 - INFO: Mini batch Iter: 17 train_loss= 12.45276
10/10/2020 19:15:44 - INFO: Time for Mini batch : 0.0467686653137207
10/10/2020 19:15:45 - INFO: Mini batch Iter: 18 train_loss= 12.50985
10/10/2020 19:15:45 - INFO: Time for Mini batch : 0.06287288665771484
10/10/2020 19:15:45 - INFO: Time for epoch : 5.867269992828369
10/10/2020 19:15:57 - INFO: Val results at epoch 0: Measure (HAD) AUC: 0.65391396206382
10/10/2020 19:15:57 - INFO: Test results at epoch 0: Measure (HAD) AUC: 0.6567268059190559
10/10/2020 19:15:58 - INFO: Mini batch Iter: 0 train_loss= 12.54137
10/10/2020 19:15:58 - INFO: Time for Mini batch : 0.062458038330078125
10/10/2020 19:15:59 - INFO: Mini batch Iter: 1 train_loss= 12.49958
10/10/2020 19:15:59 - INFO: Time for Mini batch : 0.06245875358581543
10/10/2020 19:15:59 - INFO: Mini batch Iter: 2 train_loss= 12.49865
10/10/2020 19:15:59 - INFO: Time for Mini batch : 0.046755313873291016
10/10/2020 19:16:00 - INFO: Mini batch Iter: 3 train_loss= 12.48437
10/10/2020 19:16:00 - INFO: Time for Mini batch : 0.06248044967651367
10/10/2020 19:16:00 - INFO: Mini batch Iter: 4 train_loss= 12.48189
10/10/2020 19:16:00 - INFO: Time for Mini batch : 0.07794833183288574
10/10/2020 19:16:01 - INFO: Mini batch Iter: 5 train_loss= 12.45946
10/10/2020 19:16:01 - INFO: Time for Mini batch : 0.062456369400024414
10/10/2020 19:16:01 - INFO: Mini batch Iter: 6 train_loss= 12.45298
10/10/2020 19:16:01 - INFO: Time for Mini batch : 0.06295394897460938
10/10/2020 19:16:02 - INFO: Mini batch Iter: 7 train_loss= 12.48269
10/10/2020 19:16:02 - INFO: Time for Mini batch : 0.06226181983947754
10/10/2020 19:16:02 - INFO: Mini batch Iter: 8 train_loss= 12.50062
10/10/2020 19:16:02 - INFO: Time for Mini batch : 0.062322139739990234
10/10/2020 19:16:03 - INFO: Mini batch Iter: 9 train_loss= 12.46949
10/10/2020 19:16:03 - INFO: Time for Mini batch : 0.06248831748962402
10/10/2020 19:16:03 - INFO: Mini batch Iter: 10 train_loss= 12.48599
10/10/2020 19:16:03 - INFO: Time for Mini batch : 0.06245756149291992
10/10/2020 19:16:04 - INFO: Mini batch Iter: 11 train_loss= 12.46183
10/10/2020 19:16:04 - INFO: Time for Mini batch : 0.06245684623718262
10/10/2020 19:16:04 - INFO: Mini batch Iter: 12 train_loss= 12.53544
10/10/2020 19:16:04 - INFO: Time for Mini batch : 0.06245064735412598
10/10/2020 19:16:05 - INFO: Mini batch Iter: 13 train_loss= 12.49943
10/10/2020 19:16:05 - INFO: Time for Mini batch : 0.06245899200439453
10/10/2020 19:16:06 - INFO: Mini batch Iter: 14 train_loss= 12.49212
10/10/2020 19:16:06 - INFO: Time for Mini batch : 0.062456369400024414
10/10/2020 19:16:06 - INFO: Mini batch Iter: 15 train_loss= 12.48858
10/10/2020 19:16:06 - INFO: Time for Mini batch : 0.06229043006896973
10/10/2020 19:16:07 - INFO: Mini batch Iter: 16 train_loss= 12.49842
10/10/2020 19:16:07 - INFO: Time for Mini batch : 0.06248807907104492
10/10/2020 19:16:07 - INFO: Mini batch Iter: 17 train_loss= 12.49905
10/10/2020 19:16:07 - INFO: Time for Mini batch : 0.06296801567077637
10/10/2020 19:16:08 - INFO: Mini batch Iter: 18 train_loss= 12.49956
10/10/2020 19:16:08 - INFO: Time for Mini batch : 0.06245732307434082
10/10/2020 19:16:08 - INFO: Time for epoch : 1.1870677471160889
10/10/2020 19:16:17 - INFO: Val results at epoch 1: Measure (HAD) AUC: 0.6543058425160697
10/10/2020 19:16:17 - INFO: Test results at epoch 1: Measure (HAD) AUC: 0.6588068345789091
10/10/2020 19:16:18 - INFO: Mini batch Iter: 0 train_loss= 12.49444
10/10/2020 19:16:18 - INFO: Time for Mini batch : 0.06245732307434082
10/10/2020 19:16:19 - INFO: Mini batch Iter: 1 train_loss= 12.53380
10/10/2020 19:16:19 - INFO: Time for Mini batch : 0.062294721603393555
10/10/2020 19:16:19 - INFO: Mini batch Iter: 2 train_loss= 12.48058
10/10/2020 19:16:19 - INFO: Time for Mini batch : 0.06229352951049805
10/10/2020 19:16:20 - INFO: Mini batch Iter: 3 train_loss= 12.49125
10/10/2020 19:16:20 - INFO: Time for Mini batch : 0.062294721603393555
10/10/2020 19:16:20 - INFO: Mini batch Iter: 4 train_loss= 12.47715
10/10/2020 19:16:20 - INFO: Time for Mini batch : 0.062291860580444336
10/10/2020 19:16:21 - INFO: Mini batch Iter: 5 train_loss= 12.46973
10/10/2020 19:16:21 - INFO: Time for Mini batch : 0.06288552284240723
10/10/2020 19:16:21 - INFO: Mini batch Iter: 6 train_loss= 12.49513
10/10/2020 19:16:21 - INFO: Time for Mini batch : 0.06237363815307617
10/10/2020 19:16:22 - INFO: Mini batch Iter: 7 train_loss= 12.49034
10/10/2020 19:16:22 - INFO: Time for Mini batch : 0.06245899200439453
10/10/2020 19:16:22 - INFO: Mini batch Iter: 8 train_loss= 12.48991
10/10/2020 19:16:22 - INFO: Time for Mini batch : 0.062264204025268555
10/10/2020 19:16:23 - INFO: Mini batch Iter: 9 train_loss= 12.46434
10/10/2020 19:16:23 - INFO: Time for Mini batch : 0.07798194885253906
10/10/2020 19:16:23 - INFO: Mini batch Iter: 10 train_loss= 12.47885
10/10/2020 19:16:23 - INFO: Time for Mini batch : 0.062398433685302734
10/10/2020 19:16:24 - INFO: Mini batch Iter: 11 train_loss= 12.50807
10/10/2020 19:16:24 - INFO: Time for Mini batch : 0.062486886978149414
10/10/2020 19:16:24 - INFO: Mini batch Iter: 12 train_loss= 12.48847
10/10/2020 19:16:24 - INFO: Time for Mini batch : 0.05732440948486328
10/10/2020 19:16:25 - INFO: Mini batch Iter: 13 train_loss= 12.49308
10/10/2020 19:16:25 - INFO: Time for Mini batch : 0.06248807907104492
10/10/2020 19:16:25 - INFO: Mini batch Iter: 14 train_loss= 12.48564
10/10/2020 19:16:25 - INFO: Time for Mini batch : 0.06229543685913086
10/10/2020 19:16:26 - INFO: Mini batch Iter: 15 train_loss= 12.47854
10/10/2020 19:16:26 - INFO: Time for Mini batch : 0.06296086311340332
10/10/2020 19:16:26 - INFO: Mini batch Iter: 16 train_loss= 12.46777
10/10/2020 19:16:26 - INFO: Time for Mini batch : 0.06261968612670898
10/10/2020 19:16:27 - INFO: Mini batch Iter: 17 train_loss= 12.47177
10/10/2020 19:16:27 - INFO: Time for Mini batch : 0.0625910758972168
10/10/2020 19:16:28 - INFO: Mini batch Iter: 18 train_loss= 12.46981
10/10/2020 19:16:28 - INFO: Time for Mini batch : 0.06290793418884277
10/10/2020 19:16:28 - INFO: Time for epoch : 1.197669267654419
10/10/2020 19:16:37 - INFO: Val results at epoch 2: Measure (HAD) AUC: 0.6504148372933883
10/10/2020 19:16:37 - INFO: Test results at epoch 2: Measure (HAD) AUC: 0.6574442973857835
10/10/2020 19:16:38 - INFO: Mini batch Iter: 0 train_loss= 12.48257
10/10/2020 19:16:38 - INFO: Time for Mini batch : 0.06229376792907715
10/10/2020 19:16:38 - INFO: Mini batch Iter: 1 train_loss= 12.47346
10/10/2020 19:16:38 - INFO: Time for Mini batch : 0.046753883361816406
10/10/2020 19:16:39 - INFO: Mini batch Iter: 2 train_loss= 12.46840
10/10/2020 19:16:39 - INFO: Time for Mini batch : 0.0625312328338623
10/10/2020 19:16:39 - INFO: Mini batch Iter: 3 train_loss= 12.48257
10/10/2020 19:16:39 - INFO: Time for Mini batch : 0.06229233741760254
10/10/2020 19:16:40 - INFO: Mini batch Iter: 4 train_loss= 12.48057
10/10/2020 19:16:40 - INFO: Time for Mini batch : 0.0624544620513916
10/10/2020 19:16:40 - INFO: Mini batch Iter: 5 train_loss= 12.48198
10/10/2020 19:16:40 - INFO: Time for Mini batch : 0.06226539611816406
10/10/2020 19:16:41 - INFO: Mini batch Iter: 6 train_loss= 12.45603
10/10/2020 19:16:41 - INFO: Time for Mini batch : 0.06226348876953125
10/10/2020 19:16:41 - INFO: Mini batch Iter: 7 train_loss= 12.47973
10/10/2020 19:16:41 - INFO: Time for Mini batch : 0.06245875358581543
10/10/2020 19:16:42 - INFO: Mini batch Iter: 8 train_loss= 12.49026
10/10/2020 19:16:42 - INFO: Time for Mini batch : 0.06248831748962402
10/10/2020 19:16:43 - INFO: Mini batch Iter: 9 train_loss= 12.48994
10/10/2020 19:16:43 - INFO: Time for Mini batch : 0.062322139739990234
10/10/2020 19:16:43 - INFO: Mini batch Iter: 10 train_loss= 12.48999
10/10/2020 19:16:43 - INFO: Time for Mini batch : 0.062459468841552734
10/10/2020 19:16:44 - INFO: Mini batch Iter: 11 train_loss= 12.48348
10/10/2020 19:16:44 - INFO: Time for Mini batch : 0.06211352348327637
10/10/2020 19:16:44 - INFO: Mini batch Iter: 12 train_loss= 12.48131
10/10/2020 19:16:44 - INFO: Time for Mini batch : 0.062294960021972656
10/10/2020 19:16:45 - INFO: Mini batch Iter: 13 train_loss= 12.48356
10/10/2020 19:16:45 - INFO: Time for Mini batch : 0.06231069564819336
10/10/2020 19:16:45 - INFO: Mini batch Iter: 14 train_loss= 12.48627
10/10/2020 19:16:45 - INFO: Time for Mini batch : 0.062294721603393555
10/10/2020 19:16:46 - INFO: Mini batch Iter: 15 train_loss= 12.48421
10/10/2020 19:16:46 - INFO: Time for Mini batch : 0.06229138374328613
10/10/2020 19:16:46 - INFO: Mini batch Iter: 16 train_loss= 12.50622
10/10/2020 19:16:46 - INFO: Time for Mini batch : 0.06259989738464355
10/10/2020 19:16:47 - INFO: Mini batch Iter: 17 train_loss= 12.47540
10/10/2020 19:16:47 - INFO: Time for Mini batch : 0.06268191337585449
10/10/2020 19:16:47 - INFO: Mini batch Iter: 18 train_loss= 12.49967
10/10/2020 19:16:47 - INFO: Time for Mini batch : 0.04734206199645996
10/10/2020 19:16:47 - INFO: Time for epoch : 1.1545124053955078
10/10/2020 19:16:57 - INFO: Val results at epoch 3: Measure (HAD) AUC: 0.6586658488292011
10/10/2020 19:16:57 - INFO: Test results at epoch 3: Measure (HAD) AUC: 0.6575788394749673
10/10/2020 19:16:57 - INFO: Mini batch Iter: 0 train_loss= 12.48232
10/10/2020 19:16:57 - INFO: Time for Mini batch : 0.06245756149291992
10/10/2020 19:16:58 - INFO: Mini batch Iter: 1 train_loss= 12.47621
10/10/2020 19:16:58 - INFO: Time for Mini batch : 0.07802367210388184
10/10/2020 19:16:58 - INFO: Mini batch Iter: 2 train_loss= 12.49133
10/10/2020 19:16:58 - INFO: Time for Mini batch : 0.06229209899902344
10/10/2020 19:16:59 - INFO: Mini batch Iter: 3 train_loss= 12.48123
10/10/2020 19:16:59 - INFO: Time for Mini batch : 0.062957763671875
10/10/2020 19:16:59 - INFO: Mini batch Iter: 4 train_loss= 12.48180
10/10/2020 19:16:59 - INFO: Time for Mini batch : 0.06256222724914551
10/10/2020 19:17:00 - INFO: Mini batch Iter: 5 train_loss= 12.49502
10/10/2020 19:17:00 - INFO: Time for Mini batch : 0.062482595443725586
10/10/2020 19:17:00 - INFO: Mini batch Iter: 6 train_loss= 12.49348
10/10/2020 19:17:00 - INFO: Time for Mini batch : 0.06296420097351074
10/10/2020 19:17:01 - INFO: Mini batch Iter: 7 train_loss= 12.46849
10/10/2020 19:17:01 - INFO: Time for Mini batch : 0.07861781120300293
10/10/2020 19:17:02 - INFO: Mini batch Iter: 8 train_loss= 12.46561
10/10/2020 19:17:02 - INFO: Time for Mini batch : 0.05929207801818848
10/10/2020 19:17:02 - INFO: Mini batch Iter: 9 train_loss= 12.48100
10/10/2020 19:17:02 - INFO: Time for Mini batch : 0.06226682662963867
10/10/2020 19:17:03 - INFO: Mini batch Iter: 10 train_loss= 12.50171
10/10/2020 19:17:03 - INFO: Time for Mini batch : 0.06297731399536133
10/10/2020 19:17:03 - INFO: Mini batch Iter: 11 train_loss= 12.46943
10/10/2020 19:17:03 - INFO: Time for Mini batch : 0.06296610832214355
10/10/2020 19:17:04 - INFO: Mini batch Iter: 12 train_loss= 12.48908
10/10/2020 19:17:04 - INFO: Time for Mini batch : 0.046837568283081055
10/10/2020 19:17:04 - INFO: Mini batch Iter: 13 train_loss= 12.47982
10/10/2020 19:17:04 - INFO: Time for Mini batch : 0.06296396255493164
10/10/2020 19:17:05 - INFO: Mini batch Iter: 14 train_loss= 12.46766
10/10/2020 19:17:05 - INFO: Time for Mini batch : 0.06296157836914062
10/10/2020 19:17:05 - INFO: Mini batch Iter: 15 train_loss= 12.47584
10/10/2020 19:17:05 - INFO: Time for Mini batch : 0.06226634979248047
10/10/2020 19:17:06 - INFO: Mini batch Iter: 16 train_loss= 12.47322
10/10/2020 19:17:06 - INFO: Time for Mini batch : 0.062459707260131836
10/10/2020 19:17:06 - INFO: Mini batch Iter: 17 train_loss= 12.49571
10/10/2020 19:17:06 - INFO: Time for Mini batch : 0.06255960464477539
10/10/2020 19:17:07 - INFO: Mini batch Iter: 18 train_loss= 12.47716
10/10/2020 19:17:07 - INFO: Time for Mini batch : 0.0625307559967041
10/10/2020 19:17:07 - INFO: Time for epoch : 1.202439785003662
10/10/2020 19:17:17 - INFO: Val results at epoch 4: Measure (HAD) AUC: 0.6578650496441689
10/10/2020 19:17:17 - INFO: Test results at epoch 4: Measure (HAD) AUC: 0.6566832190588024
10/10/2020 19:17:17 - INFO: Mini batch Iter: 0 train_loss= 12.49269
10/10/2020 19:17:17 - INFO: Time for Mini batch : 0.062375783920288086
10/10/2020 19:17:18 - INFO: Mini batch Iter: 1 train_loss= 12.50171
10/10/2020 19:17:18 - INFO: Time for Mini batch : 0.06229710578918457
10/10/2020 19:17:18 - INFO: Mini batch Iter: 2 train_loss= 12.47270
10/10/2020 19:17:18 - INFO: Time for Mini batch : 0.06226515769958496
10/10/2020 19:17:19 - INFO: Mini batch Iter: 3 train_loss= 12.48616
10/10/2020 19:17:19 - INFO: Time for Mini batch : 0.06245231628417969
10/10/2020 19:17:19 - INFO: Mini batch Iter: 4 train_loss= 12.49974
10/10/2020 19:17:19 - INFO: Time for Mini batch : 0.06296133995056152
10/10/2020 19:17:20 - INFO: Mini batch Iter: 5 train_loss= 12.48320
10/10/2020 19:17:20 - INFO: Time for Mini batch : 0.06296348571777344
10/10/2020 19:17:20 - INFO: Mini batch Iter: 6 train_loss= 12.47205
10/10/2020 19:17:20 - INFO: Time for Mini batch : 0.06245779991149902
10/10/2020 19:17:21 - INFO: Mini batch Iter: 7 train_loss= 12.48987
10/10/2020 19:17:21 - INFO: Time for Mini batch : 0.06249189376831055
10/10/2020 19:17:22 - INFO: Mini batch Iter: 8 train_loss= 12.48174
10/10/2020 19:17:22 - INFO: Time for Mini batch : 0.07811093330383301
10/10/2020 19:17:22 - INFO: Mini batch Iter: 9 train_loss= 12.47623
10/10/2020 19:17:22 - INFO: Time for Mini batch : 0.06245899200439453
10/10/2020 19:17:23 - INFO: Mini batch Iter: 10 train_loss= 12.47713
10/10/2020 19:17:23 - INFO: Time for Mini batch : 0.06298947334289551
10/10/2020 19:17:23 - INFO: Mini batch Iter: 11 train_loss= 12.48229
10/10/2020 19:17:23 - INFO: Time for Mini batch : 0.06296372413635254
10/10/2020 19:17:24 - INFO: Mini batch Iter: 12 train_loss= 12.47752
10/10/2020 19:17:24 - INFO: Time for Mini batch : 0.06248641014099121
10/10/2020 19:17:24 - INFO: Mini batch Iter: 13 train_loss= 12.47470
10/10/2020 19:17:24 - INFO: Time for Mini batch : 0.06291532516479492
10/10/2020 19:17:25 - INFO: Mini batch Iter: 14 train_loss= 12.47793
10/10/2020 19:17:25 - INFO: Time for Mini batch : 0.06248593330383301
10/10/2020 19:17:25 - INFO: Mini batch Iter: 15 train_loss= 12.47149
10/10/2020 19:17:25 - INFO: Time for Mini batch : 0.06237626075744629
10/10/2020 19:17:26 - INFO: Mini batch Iter: 16 train_loss= 12.48011
10/10/2020 19:17:26 - INFO: Time for Mini batch : 0.06245827674865723
10/10/2020 19:17:26 - INFO: Mini batch Iter: 17 train_loss= 12.48198
10/10/2020 19:17:26 - INFO: Time for Mini batch : 0.06226634979248047
10/10/2020 19:17:27 - INFO: Mini batch Iter: 18 train_loss= 12.48393
10/10/2020 19:17:27 - INFO: Time for Mini batch : 0.06288528442382812
10/10/2020 19:17:27 - INFO: Time for epoch : 1.2046618461608887
10/10/2020 19:17:36 - INFO: Val results at epoch 5: Measure (HAD) AUC: 0.6575171100206612
10/10/2020 19:17:36 - INFO: Test results at epoch 5: Measure (HAD) AUC: 0.6616491357262985
10/10/2020 19:17:37 - INFO: Mini batch Iter: 0 train_loss= 12.47730
10/10/2020 19:17:37 - INFO: Time for Mini batch : 0.062380075454711914
10/10/2020 19:17:38 - INFO: Mini batch Iter: 1 train_loss= 12.47907
10/10/2020 19:17:38 - INFO: Time for Mini batch : 0.06238865852355957
10/10/2020 19:17:38 - INFO: Mini batch Iter: 2 train_loss= 12.47964
10/10/2020 19:17:38 - INFO: Time for Mini batch : 0.06623029708862305
10/10/2020 19:17:39 - INFO: Mini batch Iter: 3 train_loss= 12.47734
10/10/2020 19:17:39 - INFO: Time for Mini batch : 0.06299090385437012
10/10/2020 19:17:39 - INFO: Mini batch Iter: 4 train_loss= 12.47995
10/10/2020 19:17:39 - INFO: Time for Mini batch : 0.06248784065246582
10/10/2020 19:17:40 - INFO: Mini batch Iter: 5 train_loss= 12.47413
10/10/2020 19:17:40 - INFO: Time for Mini batch : 0.06296372413635254
10/10/2020 19:17:40 - INFO: Mini batch Iter: 6 train_loss= 12.47728
10/10/2020 19:17:40 - INFO: Time for Mini batch : 0.07833337783813477
10/10/2020 19:17:41 - INFO: Mini batch Iter: 7 train_loss= 12.46833
10/10/2020 19:17:41 - INFO: Time for Mini batch : 0.06245160102844238
10/10/2020 19:17:41 - INFO: Mini batch Iter: 8 train_loss= 12.47609
10/10/2020 19:17:41 - INFO: Time for Mini batch : 0.062265872955322266
10/10/2020 19:17:42 - INFO: Mini batch Iter: 9 train_loss= 12.47753
10/10/2020 19:17:42 - INFO: Time for Mini batch : 0.06245779991149902
10/10/2020 19:17:42 - INFO: Mini batch Iter: 10 train_loss= 12.47367
10/10/2020 19:17:42 - INFO: Time for Mini batch : 0.07802176475524902
10/10/2020 19:17:43 - INFO: Mini batch Iter: 11 train_loss= 12.48174
10/10/2020 19:17:43 - INFO: Time for Mini batch : 0.06245732307434082
10/10/2020 19:17:43 - INFO: Mini batch Iter: 12 train_loss= 12.47341
10/10/2020 19:17:43 - INFO: Time for Mini batch : 0.046692609786987305
10/10/2020 19:17:44 - INFO: Mini batch Iter: 13 train_loss= 12.47824
10/10/2020 19:17:44 - INFO: Time for Mini batch : 0.07810163497924805
10/10/2020 19:17:44 - INFO: Mini batch Iter: 14 train_loss= 12.47623
10/10/2020 19:17:44 - INFO: Time for Mini batch : 0.06245708465576172
10/10/2020 19:17:45 - INFO: Mini batch Iter: 15 train_loss= 12.47227
10/10/2020 19:17:45 - INFO: Time for Mini batch : 0.06246471405029297
10/10/2020 19:17:46 - INFO: Mini batch Iter: 16 train_loss= 12.48410
10/10/2020 19:17:46 - INFO: Time for Mini batch : 0.062378883361816406
10/10/2020 19:17:46 - INFO: Mini batch Iter: 17 train_loss= 12.48122
10/10/2020 19:17:46 - INFO: Time for Mini batch : 0.07858586311340332
10/10/2020 19:17:47 - INFO: Mini batch Iter: 18 train_loss= 12.48469
10/10/2020 19:17:47 - INFO: Time for Mini batch : 0.06296062469482422
10/10/2020 19:17:47 - INFO: Time for epoch : 1.2390706539154053
10/10/2020 19:17:56 - INFO: Val results at epoch 6: Measure (HAD) AUC: 0.6677777419077136
10/10/2020 19:17:56 - INFO: Test results at epoch 6: Measure (HAD) AUC: 0.6630057021166496
10/10/2020 19:17:57 - INFO: Mini batch Iter: 0 train_loss= 12.48317
10/10/2020 19:17:57 - INFO: Time for Mini batch : 0.06245732307434082
10/10/2020 19:17:57 - INFO: Mini batch Iter: 1 train_loss= 12.47243
10/10/2020 19:17:57 - INFO: Time for Mini batch : 0.06237292289733887
10/10/2020 19:17:58 - INFO: Mini batch Iter: 2 train_loss= 12.47129
10/10/2020 19:17:58 - INFO: Time for Mini batch : 0.06229710578918457
10/10/2020 19:17:58 - INFO: Mini batch Iter: 3 train_loss= 12.48305
10/10/2020 19:17:58 - INFO: Time for Mini batch : 0.06083941459655762
10/10/2020 19:17:59 - INFO: Mini batch Iter: 4 train_loss= 12.48130
10/10/2020 19:17:59 - INFO: Time for Mini batch : 0.062456369400024414
10/10/2020 19:17:59 - INFO: Mini batch Iter: 5 train_loss= 12.47658
10/10/2020 19:17:59 - INFO: Time for Mini batch : 0.06234431266784668
10/10/2020 19:18:00 - INFO: Mini batch Iter: 6 train_loss= 12.47411
10/10/2020 19:18:00 - INFO: Time for Mini batch : 0.06249570846557617
10/10/2020 19:18:01 - INFO: Mini batch Iter: 7 train_loss= 12.47735
10/10/2020 19:18:01 - INFO: Time for Mini batch : 0.06229543685913086
10/10/2020 19:18:01 - INFO: Mini batch Iter: 8 train_loss= 12.48223
10/10/2020 19:18:01 - INFO: Time for Mini batch : 0.06298542022705078
10/10/2020 19:18:02 - INFO: Mini batch Iter: 9 train_loss= 12.48568
10/10/2020 19:18:02 - INFO: Time for Mini batch : 0.0624995231628418
10/10/2020 19:18:02 - INFO: Mini batch Iter: 10 train_loss= 12.48080
10/10/2020 19:18:02 - INFO: Time for Mini batch : 0.062453269958496094
10/10/2020 19:18:03 - INFO: Mini batch Iter: 11 train_loss= 12.47512
10/10/2020 19:18:03 - INFO: Time for Mini batch : 0.07788968086242676
10/10/2020 19:18:03 - INFO: Mini batch Iter: 12 train_loss= 12.48917
10/10/2020 19:18:03 - INFO: Time for Mini batch : 0.06245851516723633
10/10/2020 19:18:04 - INFO: Mini batch Iter: 13 train_loss= 12.47792
10/10/2020 19:18:04 - INFO: Time for Mini batch : 0.062402963638305664
10/10/2020 19:18:04 - INFO: Mini batch Iter: 14 train_loss= 12.48773
10/10/2020 19:18:04 - INFO: Time for Mini batch : 0.07810497283935547
10/10/2020 19:18:05 - INFO: Mini batch Iter: 15 train_loss= 12.48010
10/10/2020 19:18:05 - INFO: Time for Mini batch : 0.0781102180480957
10/10/2020 19:18:06 - INFO: Mini batch Iter: 16 train_loss= 12.47250
10/10/2020 19:18:06 - INFO: Time for Mini batch : 0.062456607818603516
10/10/2020 19:18:06 - INFO: Mini batch Iter: 17 train_loss= 12.47758
10/10/2020 19:18:06 - INFO: Time for Mini batch : 0.062374114990234375
10/10/2020 19:18:06 - INFO: Mini batch Iter: 18 train_loss= 12.47598
10/10/2020 19:18:06 - INFO: Time for Mini batch : 0.06237530708312988
10/10/2020 19:18:06 - INFO: Time for epoch : 1.2316691875457764
10/10/2020 19:18:16 - INFO: Val results at epoch 7: Measure (HAD) AUC: 0.6595527361685032
10/10/2020 19:18:16 - INFO: Test results at epoch 7: Measure (HAD) AUC: 0.6574541492103614
10/10/2020 19:18:17 - INFO: Mini batch Iter: 0 train_loss= 12.48425
10/10/2020 19:18:17 - INFO: Time for Mini batch : 0.06226682662963867
10/10/2020 19:18:17 - INFO: Mini batch Iter: 1 train_loss= 12.48704
10/10/2020 19:18:17 - INFO: Time for Mini batch : 0.06245684623718262
10/10/2020 19:18:18 - INFO: Mini batch Iter: 2 train_loss= 12.47220
10/10/2020 19:18:18 - INFO: Time for Mini batch : 0.06245732307434082
10/10/2020 19:18:18 - INFO: Mini batch Iter: 3 train_loss= 12.47321
10/10/2020 19:18:18 - INFO: Time for Mini batch : 0.06245756149291992
10/10/2020 19:18:19 - INFO: Mini batch Iter: 4 train_loss= 12.47129
10/10/2020 19:18:19 - INFO: Time for Mini batch : 0.06297039985656738
10/10/2020 19:18:19 - INFO: Mini batch Iter: 5 train_loss= 12.47705
10/10/2020 19:18:19 - INFO: Time for Mini batch : 0.06245875358581543
10/10/2020 19:18:20 - INFO: Mini batch Iter: 6 train_loss= 12.47857
10/10/2020 19:18:20 - INFO: Time for Mini batch : 0.06237626075744629
10/10/2020 19:18:20 - INFO: Mini batch Iter: 7 train_loss= 12.48472
10/10/2020 19:18:20 - INFO: Time for Mini batch : 0.06245827674865723
10/10/2020 19:18:21 - INFO: Mini batch Iter: 8 train_loss= 12.47902
10/10/2020 19:18:21 - INFO: Time for Mini batch : 0.06295418739318848
10/10/2020 19:18:22 - INFO: Mini batch Iter: 9 train_loss= 12.48241
10/10/2020 19:18:22 - INFO: Time for Mini batch : 0.06252455711364746
10/10/2020 19:18:22 - INFO: Mini batch Iter: 10 train_loss= 12.47237
10/10/2020 19:18:22 - INFO: Time for Mini batch : 0.0630042552947998
10/10/2020 19:18:23 - INFO: Mini batch Iter: 11 train_loss= 12.47081
10/10/2020 19:18:23 - INFO: Time for Mini batch : 0.06296157836914062
10/10/2020 19:18:23 - INFO: Mini batch Iter: 12 train_loss= 12.48347
10/10/2020 19:18:23 - INFO: Time for Mini batch : 0.06245756149291992
10/10/2020 19:18:24 - INFO: Mini batch Iter: 13 train_loss= 12.47517
10/10/2020 19:18:24 - INFO: Time for Mini batch : 0.06245899200439453
10/10/2020 19:18:24 - INFO: Mini batch Iter: 14 train_loss= 12.47394
10/10/2020 19:18:24 - INFO: Time for Mini batch : 0.06245851516723633
10/10/2020 19:18:25 - INFO: Mini batch Iter: 15 train_loss= 12.48078
10/10/2020 19:18:25 - INFO: Time for Mini batch : 0.06245756149291992
10/10/2020 19:18:25 - INFO: Mini batch Iter: 16 train_loss= 12.48306
10/10/2020 19:18:25 - INFO: Time for Mini batch : 0.07842516899108887
10/10/2020 19:18:26 - INFO: Mini batch Iter: 17 train_loss= 12.46638
10/10/2020 19:18:26 - INFO: Time for Mini batch : 0.06226301193237305
10/10/2020 19:18:27 - INFO: Mini batch Iter: 18 train_loss= 12.48829
10/10/2020 19:18:27 - INFO: Time for Mini batch : 0.06026458740234375
10/10/2020 19:18:27 - INFO: Time for epoch : 1.202132225036621
10/10/2020 19:18:36 - INFO: Val results at epoch 8: Measure (HAD) AUC: 0.6602378543962351
10/10/2020 19:18:36 - INFO: Test results at epoch 8: Measure (HAD) AUC: 0.6515725104240264
10/10/2020 19:18:37 - INFO: Mini batch Iter: 0 train_loss= 12.47992
10/10/2020 19:18:37 - INFO: Time for Mini batch : 0.062459468841552734
10/10/2020 19:18:37 - INFO: Mini batch Iter: 1 train_loss= 12.48834
10/10/2020 19:18:37 - INFO: Time for Mini batch : 0.06230759620666504
10/10/2020 19:18:38 - INFO: Mini batch Iter: 2 train_loss= 12.47363
10/10/2020 19:18:38 - INFO: Time for Mini batch : 0.06247830390930176
10/10/2020 19:18:38 - INFO: Mini batch Iter: 3 train_loss= 12.48265
10/10/2020 19:18:38 - INFO: Time for Mini batch : 0.062265634536743164
10/10/2020 19:18:39 - INFO: Mini batch Iter: 4 train_loss= 12.47946
10/10/2020 19:18:39 - INFO: Time for Mini batch : 0.0628516674041748
10/10/2020 19:18:39 - INFO: Mini batch Iter: 5 train_loss= 12.46595
10/10/2020 19:18:39 - INFO: Time for Mini batch : 0.06240129470825195
10/10/2020 19:18:40 - INFO: Mini batch Iter: 6 train_loss= 12.46706
10/10/2020 19:18:40 - INFO: Time for Mini batch : 0.06245589256286621
10/10/2020 19:18:41 - INFO: Mini batch Iter: 7 train_loss= 12.48103
10/10/2020 19:18:41 - INFO: Time for Mini batch : 0.06248641014099121
10/10/2020 19:18:41 - INFO: Mini batch Iter: 8 train_loss= 12.47774
10/10/2020 19:18:41 - INFO: Time for Mini batch : 0.06296253204345703
10/10/2020 19:18:42 - INFO: Mini batch Iter: 9 train_loss= 12.47543
10/10/2020 19:18:42 - INFO: Time for Mini batch : 0.06245827674865723
10/10/2020 19:18:42 - INFO: Mini batch Iter: 10 train_loss= 12.47737
10/10/2020 19:18:42 - INFO: Time for Mini batch : 0.06245231628417969
10/10/2020 19:18:43 - INFO: Mini batch Iter: 11 train_loss= 12.47950
10/10/2020 19:18:43 - INFO: Time for Mini batch : 0.06229209899902344
10/10/2020 19:18:43 - INFO: Mini batch Iter: 12 train_loss= 12.47754
10/10/2020 19:18:43 - INFO: Time for Mini batch : 0.06245827674865723
10/10/2020 19:18:44 - INFO: Mini batch Iter: 13 train_loss= 12.47446
10/10/2020 19:18:44 - INFO: Time for Mini batch : 0.06226634979248047
10/10/2020 19:18:44 - INFO: Mini batch Iter: 14 train_loss= 12.48681
10/10/2020 19:18:44 - INFO: Time for Mini batch : 0.06229352951049805
10/10/2020 19:18:45 - INFO: Mini batch Iter: 15 train_loss= 12.47206
10/10/2020 19:18:45 - INFO: Time for Mini batch : 0.06296539306640625
10/10/2020 19:18:45 - INFO: Mini batch Iter: 16 train_loss= 12.47828
10/10/2020 19:18:45 - INFO: Time for Mini batch : 0.06229519844055176
10/10/2020 19:18:46 - INFO: Mini batch Iter: 17 train_loss= 12.47368
10/10/2020 19:18:46 - INFO: Time for Mini batch : 0.06293773651123047
10/10/2020 19:18:46 - INFO: Mini batch Iter: 18 train_loss= 12.47953
10/10/2020 19:18:46 - INFO: Time for Mini batch : 0.062265872955322266
10/10/2020 19:18:46 - INFO: Time for epoch : 1.1873538494110107
10/10/2020 19:18:56 - INFO: Val results at epoch 9: Measure (HAD) AUC: 0.66359349890955
10/10/2020 19:18:56 - INFO: Test results at epoch 9: Measure (HAD) AUC: 0.6547194220262915
10/10/2020 19:18:56 - INFO: Mini batch Iter: 0 train_loss= 12.49021
10/10/2020 19:18:56 - INFO: Time for Mini batch : 0.06245708465576172
10/10/2020 19:18:57 - INFO: Mini batch Iter: 1 train_loss= 12.47531
10/10/2020 19:18:57 - INFO: Time for Mini batch : 0.06240129470825195
10/10/2020 19:18:58 - INFO: Mini batch Iter: 2 train_loss= 12.48366
10/10/2020 19:18:58 - INFO: Time for Mini batch : 0.06240248680114746
10/10/2020 19:18:58 - INFO: Mini batch Iter: 3 train_loss= 12.47919
10/10/2020 19:18:58 - INFO: Time for Mini batch : 0.06248211860656738
10/10/2020 19:18:59 - INFO: Mini batch Iter: 4 train_loss= 12.48547
10/10/2020 19:18:59 - INFO: Time for Mini batch : 0.07807803153991699
10/10/2020 19:18:59 - INFO: Mini batch Iter: 5 train_loss= 12.47758
10/10/2020 19:18:59 - INFO: Time for Mini batch : 0.06226468086242676
10/10/2020 19:19:00 - INFO: Mini batch Iter: 6 train_loss= 12.47958
10/10/2020 19:19:00 - INFO: Time for Mini batch : 0.0624852180480957
10/10/2020 19:19:00 - INFO: Mini batch Iter: 7 train_loss= 12.47973
10/10/2020 19:19:00 - INFO: Time for Mini batch : 0.06244850158691406
10/10/2020 19:19:01 - INFO: Mini batch Iter: 8 train_loss= 12.47194
10/10/2020 19:19:01 - INFO: Time for Mini batch : 0.0624542236328125
10/10/2020 19:19:01 - INFO: Mini batch Iter: 9 train_loss= 12.48175
10/10/2020 19:19:01 - INFO: Time for Mini batch : 0.0624542236328125
10/10/2020 19:19:02 - INFO: Mini batch Iter: 10 train_loss= 12.47911
10/10/2020 19:19:02 - INFO: Time for Mini batch : 0.06237435340881348
10/10/2020 19:19:02 - INFO: Mini batch Iter: 11 train_loss= 12.48266
10/10/2020 19:19:02 - INFO: Time for Mini batch : 0.06245875358581543
10/10/2020 19:19:03 - INFO: Mini batch Iter: 12 train_loss= 12.47755
10/10/2020 19:19:03 - INFO: Time for Mini batch : 0.062488555908203125
10/10/2020 19:19:03 - INFO: Mini batch Iter: 13 train_loss= 12.48006
10/10/2020 19:19:03 - INFO: Time for Mini batch : 0.062459707260131836
10/10/2020 19:19:04 - INFO: Mini batch Iter: 14 train_loss= 12.47304
10/10/2020 19:19:04 - INFO: Time for Mini batch : 0.062456369400024414
10/10/2020 19:19:04 - INFO: Mini batch Iter: 15 train_loss= 12.48220
10/10/2020 19:19:04 - INFO: Time for Mini batch : 0.06245875358581543
10/10/2020 19:19:05 - INFO: Mini batch Iter: 16 train_loss= 12.47692
10/10/2020 19:19:05 - INFO: Time for Mini batch : 0.0624842643737793
10/10/2020 19:19:06 - INFO: Mini batch Iter: 17 train_loss= 12.47959
10/10/2020 19:19:06 - INFO: Time for Mini batch : 0.06245303153991699
10/10/2020 19:19:06 - INFO: Mini batch Iter: 18 train_loss= 12.48547
10/10/2020 19:19:06 - INFO: Time for Mini batch : 0.04686617851257324
10/10/2020 19:19:06 - INFO: Time for epoch : 1.1707797050476074
10/10/2020 19:19:16 - INFO: Val results at epoch 10: Measure (HAD) AUC: 0.6637002123507806
10/10/2020 19:19:16 - INFO: Test results at epoch 10: Measure (HAD) AUC: 0.6535952193772453
10/10/2020 19:19:16 - INFO: Mini batch Iter: 0 train_loss= 12.47596
10/10/2020 19:19:16 - INFO: Time for Mini batch : 0.062459468841552734
10/10/2020 19:19:17 - INFO: Mini batch Iter: 1 train_loss= 12.48194
10/10/2020 19:19:17 - INFO: Time for Mini batch : 0.06245303153991699
10/10/2020 19:19:17 - INFO: Mini batch Iter: 2 train_loss= 12.47106
10/10/2020 19:19:17 - INFO: Time for Mini batch : 0.06245899200439453
10/10/2020 19:19:18 - INFO: Mini batch Iter: 3 train_loss= 12.47260
10/10/2020 19:19:18 - INFO: Time for Mini batch : 0.06246590614318848
10/10/2020 19:19:18 - INFO: Mini batch Iter: 4 train_loss= 12.47486
10/10/2020 19:19:18 - INFO: Time for Mini batch : 0.06248641014099121
10/10/2020 19:19:19 - INFO: Mini batch Iter: 5 train_loss= 12.47484
10/10/2020 19:19:19 - INFO: Time for Mini batch : 0.046835899353027344
10/10/2020 19:19:19 - INFO: Mini batch Iter: 6 train_loss= 12.47210
10/10/2020 19:19:19 - INFO: Time for Mini batch : 0.06245684623718262
10/10/2020 19:19:20 - INFO: Mini batch Iter: 7 train_loss= 12.48136
10/10/2020 19:19:20 - INFO: Time for Mini batch : 0.07807397842407227
10/10/2020 19:19:20 - INFO: Mini batch Iter: 8 train_loss= 12.48696
10/10/2020 19:19:20 - INFO: Time for Mini batch : 0.06245779991149902
10/10/2020 19:19:21 - INFO: Mini batch Iter: 9 train_loss= 12.47564
10/10/2020 19:19:21 - INFO: Time for Mini batch : 0.06296396255493164
10/10/2020 19:19:22 - INFO: Mini batch Iter: 10 train_loss= 12.47958
10/10/2020 19:19:22 - INFO: Time for Mini batch : 0.06250762939453125
10/10/2020 19:19:22 - INFO: Mini batch Iter: 11 train_loss= 12.48908
10/10/2020 19:19:22 - INFO: Time for Mini batch : 0.06229281425476074
10/10/2020 19:19:23 - INFO: Mini batch Iter: 12 train_loss= 12.47806
10/10/2020 19:19:23 - INFO: Time for Mini batch : 0.06299018859863281
10/10/2020 19:19:23 - INFO: Mini batch Iter: 13 train_loss= 12.46987
10/10/2020 19:19:23 - INFO: Time for Mini batch : 0.06296420097351074
10/10/2020 19:19:24 - INFO: Mini batch Iter: 14 train_loss= 12.47658
10/10/2020 19:19:24 - INFO: Time for Mini batch : 0.06245732307434082
10/10/2020 19:19:24 - INFO: Mini batch Iter: 15 train_loss= 12.47652
10/10/2020 19:19:24 - INFO: Time for Mini batch : 0.06245827674865723
10/10/2020 19:19:25 - INFO: Mini batch Iter: 16 train_loss= 12.48229
10/10/2020 19:19:25 - INFO: Time for Mini batch : 0.04683804512023926
10/10/2020 19:19:25 - INFO: Mini batch Iter: 17 train_loss= 12.47312
10/10/2020 19:19:25 - INFO: Time for Mini batch : 0.06226301193237305
10/10/2020 19:19:26 - INFO: Mini batch Iter: 18 train_loss= 12.48267
10/10/2020 19:19:26 - INFO: Time for Mini batch : 0.062485694885253906
10/10/2020 19:19:26 - INFO: Time for epoch : 1.1411001682281494
10/10/2020 19:19:35 - INFO: Val results at epoch 11: Measure (HAD) AUC: 0.6648821309687787
10/10/2020 19:19:36 - INFO: Test results at epoch 11: Measure (HAD) AUC: 0.6593378379723154
10/10/2020 19:19:36 - INFO: Mini batch Iter: 0 train_loss= 12.48167
10/10/2020 19:19:36 - INFO: Time for Mini batch : 0.07811260223388672
10/10/2020 19:19:37 - INFO: Mini batch Iter: 1 train_loss= 12.46866
10/10/2020 19:19:37 - INFO: Time for Mini batch : 0.06245827674865723
10/10/2020 19:19:37 - INFO: Mini batch Iter: 2 train_loss= 12.48226
10/10/2020 19:19:37 - INFO: Time for Mini batch : 0.06267762184143066
10/10/2020 19:19:38 - INFO: Mini batch Iter: 3 train_loss= 12.47665
10/10/2020 19:19:38 - INFO: Time for Mini batch : 0.06255197525024414
10/10/2020 19:19:38 - INFO: Mini batch Iter: 4 train_loss= 12.47495
10/10/2020 19:19:38 - INFO: Time for Mini batch : 0.06245756149291992
10/10/2020 19:19:39 - INFO: Mini batch Iter: 5 train_loss= 12.47803
10/10/2020 19:19:39 - INFO: Time for Mini batch : 0.06295943260192871
10/10/2020 19:19:39 - INFO: Mini batch Iter: 6 train_loss= 12.47591
10/10/2020 19:19:39 - INFO: Time for Mini batch : 0.06464076042175293
10/10/2020 19:19:40 - INFO: Mini batch Iter: 7 train_loss= 12.47757
10/10/2020 19:19:40 - INFO: Time for Mini batch : 0.062265872955322266
10/10/2020 19:19:40 - INFO: Mini batch Iter: 8 train_loss= 12.47681
10/10/2020 19:19:40 - INFO: Time for Mini batch : 0.06245827674865723
10/10/2020 19:19:41 - INFO: Mini batch Iter: 9 train_loss= 12.47548
10/10/2020 19:19:41 - INFO: Time for Mini batch : 0.06245732307434082
10/10/2020 19:19:41 - INFO: Mini batch Iter: 10 train_loss= 12.47099
10/10/2020 19:19:41 - INFO: Time for Mini batch : 0.06231522560119629
10/10/2020 19:19:42 - INFO: Mini batch Iter: 11 train_loss= 12.48476
10/10/2020 19:19:42 - INFO: Time for Mini batch : 0.06245851516723633
10/10/2020 19:19:42 - INFO: Mini batch Iter: 12 train_loss= 12.48059
10/10/2020 19:19:42 - INFO: Time for Mini batch : 0.06248879432678223
10/10/2020 19:19:43 - INFO: Mini batch Iter: 13 train_loss= 12.47549
10/10/2020 19:19:43 - INFO: Time for Mini batch : 0.06245756149291992
10/10/2020 19:19:43 - INFO: Mini batch Iter: 14 train_loss= 12.48418
10/10/2020 19:19:43 - INFO: Time for Mini batch : 0.06245899200439453
10/10/2020 19:19:44 - INFO: Mini batch Iter: 15 train_loss= 12.47673
10/10/2020 19:19:44 - INFO: Time for Mini batch : 0.06245708465576172
10/10/2020 19:19:45 - INFO: Mini batch Iter: 16 train_loss= 12.48223
10/10/2020 19:19:45 - INFO: Time for Mini batch : 0.06296658515930176
10/10/2020 19:19:45 - INFO: Mini batch Iter: 17 train_loss= 12.47893
10/10/2020 19:19:45 - INFO: Time for Mini batch : 0.06295895576477051
10/10/2020 19:19:46 - INFO: Mini batch Iter: 18 train_loss= 12.48035
10/10/2020 19:19:46 - INFO: Time for Mini batch : 0.06249403953552246
10/10/2020 19:19:46 - INFO: Time for epoch : 1.2060954570770264
10/10/2020 19:19:55 - INFO: Val results at epoch 12: Measure (HAD) AUC: 0.6627720744375574
10/10/2020 19:19:55 - INFO: Test results at epoch 12: Measure (HAD) AUC: 0.6592322542765875
10/10/2020 19:19:56 - INFO: Mini batch Iter: 0 train_loss= 12.47317
10/10/2020 19:19:56 - INFO: Time for Mini batch : 0.062261104583740234
10/10/2020 19:19:56 - INFO: Mini batch Iter: 1 train_loss= 12.47902
10/10/2020 19:19:56 - INFO: Time for Mini batch : 0.06245994567871094
10/10/2020 19:19:57 - INFO: Mini batch Iter: 2 train_loss= 12.47909
10/10/2020 19:19:57 - INFO: Time for Mini batch : 0.06590580940246582
10/10/2020 19:19:58 - INFO: Mini batch Iter: 3 train_loss= 12.47597
10/10/2020 19:19:58 - INFO: Time for Mini batch : 0.0629570484161377
10/10/2020 19:19:58 - INFO: Mini batch Iter: 4 train_loss= 12.48115
10/10/2020 19:19:58 - INFO: Time for Mini batch : 0.06286931037902832
10/10/2020 19:19:59 - INFO: Mini batch Iter: 5 train_loss= 12.47513
10/10/2020 19:19:59 - INFO: Time for Mini batch : 0.06239795684814453
10/10/2020 19:19:59 - INFO: Mini batch Iter: 6 train_loss= 12.47348
10/10/2020 19:19:59 - INFO: Time for Mini batch : 0.06231284141540527
10/10/2020 19:20:00 - INFO: Mini batch Iter: 7 train_loss= 12.47486
10/10/2020 19:20:00 - INFO: Time for Mini batch : 0.06233668327331543
10/10/2020 19:20:00 - INFO: Mini batch Iter: 8 train_loss= 12.47341
10/10/2020 19:20:00 - INFO: Time for Mini batch : 0.06299138069152832
10/10/2020 19:20:01 - INFO: Mini batch Iter: 9 train_loss= 12.47919
10/10/2020 19:20:01 - INFO: Time for Mini batch : 0.0629720687866211
10/10/2020 19:20:01 - INFO: Mini batch Iter: 10 train_loss= 12.48007
10/10/2020 19:20:02 - INFO: Time for Mini batch : 0.07810664176940918
10/10/2020 19:20:02 - INFO: Mini batch Iter: 11 train_loss= 12.47152
10/10/2020 19:20:02 - INFO: Time for Mini batch : 0.06296777725219727
10/10/2020 19:20:02 - INFO: Mini batch Iter: 12 train_loss= 12.47905
10/10/2020 19:20:02 - INFO: Time for Mini batch : 0.06296920776367188
10/10/2020 19:20:03 - INFO: Mini batch Iter: 13 train_loss= 12.47850
10/10/2020 19:20:03 - INFO: Time for Mini batch : 0.06296324729919434
10/10/2020 19:20:04 - INFO: Mini batch Iter: 14 train_loss= 12.47153
10/10/2020 19:20:04 - INFO: Time for Mini batch : 0.06245851516723633
10/10/2020 19:20:04 - INFO: Mini batch Iter: 15 train_loss= 12.47879
10/10/2020 19:20:04 - INFO: Time for Mini batch : 0.06229591369628906
10/10/2020 19:20:05 - INFO: Mini batch Iter: 16 train_loss= 12.48665
10/10/2020 19:20:05 - INFO: Time for Mini batch : 0.06241726875305176
10/10/2020 19:20:05 - INFO: Mini batch Iter: 17 train_loss= 12.47551
10/10/2020 19:20:05 - INFO: Time for Mini batch : 0.0624544620513916
10/10/2020 19:20:06 - INFO: Mini batch Iter: 18 train_loss= 12.48312
10/10/2020 19:20:06 - INFO: Time for Mini batch : 0.047341108322143555
10/10/2020 19:20:06 - INFO: Time for epoch : 1.1777896881103516
10/10/2020 19:20:15 - INFO: Val results at epoch 13: Measure (HAD) AUC: 0.6595778452134987
10/10/2020 19:20:15 - INFO: Test results at epoch 13: Measure (HAD) AUC: 0.6505981749246186
10/10/2020 19:20:16 - INFO: Mini batch Iter: 0 train_loss= 12.48280
10/10/2020 19:20:16 - INFO: Time for Mini batch : 0.06248950958251953
10/10/2020 19:20:17 - INFO: Mini batch Iter: 1 train_loss= 12.47531
10/10/2020 19:20:17 - INFO: Time for Mini batch : 0.06213068962097168
10/10/2020 19:20:17 - INFO: Mini batch Iter: 2 train_loss= 12.48379
10/10/2020 19:20:17 - INFO: Time for Mini batch : 0.062360286712646484
10/10/2020 19:20:18 - INFO: Mini batch Iter: 3 train_loss= 12.47350
10/10/2020 19:20:18 - INFO: Time for Mini batch : 0.06232953071594238
10/10/2020 19:20:18 - INFO: Mini batch Iter: 4 train_loss= 12.47299
10/10/2020 19:20:18 - INFO: Time for Mini batch : 0.0623469352722168
10/10/2020 19:20:19 - INFO: Mini batch Iter: 5 train_loss= 12.48007
10/10/2020 19:20:19 - INFO: Time for Mini batch : 0.06299614906311035
10/10/2020 19:20:19 - INFO: Mini batch Iter: 6 train_loss= 12.47902
10/10/2020 19:20:19 - INFO: Time for Mini batch : 0.06896686553955078
10/10/2020 19:20:20 - INFO: Mini batch Iter: 7 train_loss= 12.48098
10/10/2020 19:20:20 - INFO: Time for Mini batch : 0.06288671493530273
10/10/2020 19:20:20 - INFO: Mini batch Iter: 8 train_loss= 12.47196
10/10/2020 19:20:20 - INFO: Time for Mini batch : 0.06268692016601562
10/10/2020 19:20:21 - INFO: Mini batch Iter: 9 train_loss= 12.48526
10/10/2020 19:20:21 - INFO: Time for Mini batch : 0.06248354911804199
10/10/2020 19:20:21 - INFO: Mini batch Iter: 10 train_loss= 12.47783
10/10/2020 19:20:21 - INFO: Time for Mini batch : 0.06245875358581543
10/10/2020 19:20:22 - INFO: Mini batch Iter: 11 train_loss= 12.46800
10/10/2020 19:20:22 - INFO: Time for Mini batch : 0.06290864944458008
10/10/2020 19:20:22 - INFO: Mini batch Iter: 12 train_loss= 12.47605
10/10/2020 19:20:22 - INFO: Time for Mini batch : 0.062452077865600586
10/10/2020 19:20:23 - INFO: Mini batch Iter: 13 train_loss= 12.47887
10/10/2020 19:20:23 - INFO: Time for Mini batch : 0.06296300888061523
10/10/2020 19:20:23 - INFO: Mini batch Iter: 14 train_loss= 12.47439
10/10/2020 19:20:23 - INFO: Time for Mini batch : 0.06291079521179199
10/10/2020 19:20:24 - INFO: Mini batch Iter: 15 train_loss= 12.47959
10/10/2020 19:20:24 - INFO: Time for Mini batch : 0.06259369850158691
10/10/2020 19:20:24 - INFO: Mini batch Iter: 16 train_loss= 12.47693
10/10/2020 19:20:24 - INFO: Time for Mini batch : 0.06546449661254883
10/10/2020 19:20:25 - INFO: Mini batch Iter: 17 train_loss= 12.47333
10/10/2020 19:20:25 - INFO: Time for Mini batch : 0.06296467781066895
10/10/2020 19:20:25 - INFO: Mini batch Iter: 18 train_loss= 12.47741
10/10/2020 19:20:25 - INFO: Time for Mini batch : 0.047211647033691406
10/10/2020 19:20:25 - INFO: Time for epoch : 1.1679527759552002
10/10/2020 19:20:35 - INFO: Val results at epoch 14: Measure (HAD) AUC: 0.6609480816689622
10/10/2020 19:20:35 - INFO: Test results at epoch 14: Measure (HAD) AUC: 0.6565153399874613
10/10/2020 19:20:36 - INFO: Mini batch Iter: 0 train_loss= 12.47821
10/10/2020 19:20:36 - INFO: Time for Mini batch : 0.06285429000854492
10/10/2020 19:20:36 - INFO: Mini batch Iter: 1 train_loss= 12.47582
10/10/2020 19:20:36 - INFO: Time for Mini batch : 0.062291622161865234
10/10/2020 19:20:37 - INFO: Mini batch Iter: 2 train_loss= 12.48153
10/10/2020 19:20:37 - INFO: Time for Mini batch : 0.062458038330078125
10/10/2020 19:20:37 - INFO: Mini batch Iter: 3 train_loss= 12.48196
10/10/2020 19:20:37 - INFO: Time for Mini batch : 0.062371015548706055
10/10/2020 19:20:38 - INFO: Mini batch Iter: 4 train_loss= 12.47646
10/10/2020 19:20:38 - INFO: Time for Mini batch : 0.06296300888061523
10/10/2020 19:20:38 - INFO: Mini batch Iter: 5 train_loss= 12.47938
10/10/2020 19:20:38 - INFO: Time for Mini batch : 0.062361717224121094
10/10/2020 19:20:39 - INFO: Mini batch Iter: 6 train_loss= 12.48028
10/10/2020 19:20:39 - INFO: Time for Mini batch : 0.06238079071044922
10/10/2020 19:20:39 - INFO: Mini batch Iter: 7 train_loss= 12.47642
10/10/2020 19:20:39 - INFO: Time for Mini batch : 0.06226658821105957
10/10/2020 19:20:40 - INFO: Mini batch Iter: 8 train_loss= 12.47579
10/10/2020 19:20:40 - INFO: Time for Mini batch : 0.06242513656616211
10/10/2020 19:20:40 - INFO: Mini batch Iter: 9 train_loss= 12.47124
10/10/2020 19:20:40 - INFO: Time for Mini batch : 0.06245756149291992
10/10/2020 19:20:41 - INFO: Mini batch Iter: 10 train_loss= 12.48341
10/10/2020 19:20:41 - INFO: Time for Mini batch : 0.0624542236328125
10/10/2020 19:20:42 - INFO: Mini batch Iter: 11 train_loss= 12.47697
10/10/2020 19:20:42 - INFO: Time for Mini batch : 0.06248807907104492
10/10/2020 19:20:42 - INFO: Mini batch Iter: 12 train_loss= 12.47421
10/10/2020 19:20:42 - INFO: Time for Mini batch : 0.06228804588317871
10/10/2020 19:20:43 - INFO: Mini batch Iter: 13 train_loss= 12.47717
10/10/2020 19:20:43 - INFO: Time for Mini batch : 0.062296152114868164
10/10/2020 19:20:43 - INFO: Mini batch Iter: 14 train_loss= 12.47446
10/10/2020 19:20:43 - INFO: Time for Mini batch : 0.062424659729003906
10/10/2020 19:20:44 - INFO: Mini batch Iter: 15 train_loss= 12.47887
10/10/2020 19:20:44 - INFO: Time for Mini batch : 0.0625004768371582
10/10/2020 19:20:44 - INFO: Mini batch Iter: 16 train_loss= 12.47241
10/10/2020 19:20:44 - INFO: Time for Mini batch : 0.06237506866455078
10/10/2020 19:20:45 - INFO: Mini batch Iter: 17 train_loss= 12.48341
10/10/2020 19:20:45 - INFO: Time for Mini batch : 0.07779979705810547
10/10/2020 19:20:45 - INFO: Mini batch Iter: 18 train_loss= 12.47743
10/10/2020 19:20:45 - INFO: Time for Mini batch : 0.060810089111328125
10/10/2020 19:20:45 - INFO: Time for epoch : 1.2002663612365723
10/10/2020 19:20:55 - INFO: Val results at epoch 15: Measure (HAD) AUC: 0.6606279413452709
10/10/2020 19:20:55 - INFO: Test results at epoch 15: Measure (HAD) AUC: 0.6554594035168029
10/10/2020 19:20:55 - INFO: Mini batch Iter: 0 train_loss= 12.48230
10/10/2020 19:20:55 - INFO: Time for Mini batch : 0.06248950958251953
10/10/2020 19:20:56 - INFO: Mini batch Iter: 1 train_loss= 12.48059
10/10/2020 19:20:56 - INFO: Time for Mini batch : 0.07857537269592285
10/10/2020 19:20:56 - INFO: Mini batch Iter: 2 train_loss= 12.47758
10/10/2020 19:20:56 - INFO: Time for Mini batch : 0.06222939491271973
10/10/2020 19:20:57 - INFO: Mini batch Iter: 3 train_loss= 12.47722
10/10/2020 19:20:57 - INFO: Time for Mini batch : 0.07807683944702148
10/10/2020 19:20:57 - INFO: Mini batch Iter: 4 train_loss= 12.47752
10/10/2020 19:20:57 - INFO: Time for Mini batch : 0.062375783920288086
10/10/2020 19:20:58 - INFO: Mini batch Iter: 5 train_loss= 12.47594
10/10/2020 19:20:58 - INFO: Time for Mini batch : 0.06247210502624512
10/10/2020 19:20:58 - INFO: Mini batch Iter: 6 train_loss= 12.48165
10/10/2020 19:20:58 - INFO: Time for Mini batch : 0.06290483474731445
10/10/2020 19:20:59 - INFO: Mini batch Iter: 7 train_loss= 12.48067
10/10/2020 19:20:59 - INFO: Time for Mini batch : 0.06296443939208984
10/10/2020 19:20:59 - INFO: Mini batch Iter: 8 train_loss= 12.48130
10/10/2020 19:20:59 - INFO: Time for Mini batch : 0.06280875205993652
10/10/2020 19:21:00 - INFO: Mini batch Iter: 9 train_loss= 12.48014
10/10/2020 19:21:00 - INFO: Time for Mini batch : 0.0786292552947998
10/10/2020 19:21:01 - INFO: Mini batch Iter: 10 train_loss= 12.48689
10/10/2020 19:21:01 - INFO: Time for Mini batch : 0.06237602233886719
10/10/2020 19:21:01 - INFO: Mini batch Iter: 11 train_loss= 12.47676
10/10/2020 19:21:01 - INFO: Time for Mini batch : 0.06296491622924805
10/10/2020 19:21:02 - INFO: Mini batch Iter: 12 train_loss= 12.47149
10/10/2020 19:21:02 - INFO: Time for Mini batch : 0.06245732307434082
10/10/2020 19:21:02 - INFO: Mini batch Iter: 13 train_loss= 12.47720
10/10/2020 19:21:02 - INFO: Time for Mini batch : 0.06284666061401367
10/10/2020 19:21:03 - INFO: Mini batch Iter: 14 train_loss= 12.47487
10/10/2020 19:21:03 - INFO: Time for Mini batch : 0.0622715950012207
10/10/2020 19:21:03 - INFO: Mini batch Iter: 15 train_loss= 12.47754
10/10/2020 19:21:03 - INFO: Time for Mini batch : 0.06245827674865723
10/10/2020 19:21:04 - INFO: Mini batch Iter: 16 train_loss= 12.47750
10/10/2020 19:21:04 - INFO: Time for Mini batch : 0.06240391731262207
10/10/2020 19:21:04 - INFO: Mini batch Iter: 17 train_loss= 12.47464
10/10/2020 19:21:04 - INFO: Time for Mini batch : 0.06248211860656738
10/10/2020 19:21:05 - INFO: Mini batch Iter: 18 train_loss= 12.47771
10/10/2020 19:21:05 - INFO: Time for Mini batch : 0.062456369400024414
10/10/2020 19:21:05 - INFO: Time for epoch : 1.236243486404419
10/10/2020 19:21:15 - INFO: Val results at epoch 16: Measure (HAD) AUC: 0.6583627467860422
10/10/2020 19:21:15 - INFO: Test results at epoch 16: Measure (HAD) AUC: 0.6478345888604723
10/10/2020 19:21:16 - INFO: Mini batch Iter: 0 train_loss= 12.47740
10/10/2020 19:21:16 - INFO: Time for Mini batch : 0.062453269958496094
10/10/2020 19:21:16 - INFO: Mini batch Iter: 1 train_loss= 12.47532
10/10/2020 19:21:16 - INFO: Time for Mini batch : 0.0624845027923584
10/10/2020 19:21:17 - INFO: Mini batch Iter: 2 train_loss= 12.47321
10/10/2020 19:21:17 - INFO: Time for Mini batch : 0.06245851516723633
10/10/2020 19:21:17 - INFO: Mini batch Iter: 3 train_loss= 12.47634
10/10/2020 19:21:17 - INFO: Time for Mini batch : 0.06245875358581543
10/10/2020 19:21:18 - INFO: Mini batch Iter: 4 train_loss= 12.47550
10/10/2020 19:21:18 - INFO: Time for Mini batch : 0.06240367889404297
10/10/2020 19:21:18 - INFO: Mini batch Iter: 5 train_loss= 12.48012
10/10/2020 19:21:18 - INFO: Time for Mini batch : 0.06245851516723633
10/10/2020 19:21:19 - INFO: Mini batch Iter: 6 train_loss= 12.47741
10/10/2020 19:21:19 - INFO: Time for Mini batch : 0.06232094764709473
10/10/2020 19:21:19 - INFO: Mini batch Iter: 7 train_loss= 12.47772
10/10/2020 19:21:19 - INFO: Time for Mini batch : 0.06287813186645508
10/10/2020 19:21:20 - INFO: Mini batch Iter: 8 train_loss= 12.47574
10/10/2020 19:21:20 - INFO: Time for Mini batch : 0.06285357475280762
10/10/2020 19:21:21 - INFO: Mini batch Iter: 9 train_loss= 12.47622
10/10/2020 19:21:21 - INFO: Time for Mini batch : 0.06245899200439453
10/10/2020 19:21:21 - INFO: Mini batch Iter: 10 train_loss= 12.47365
10/10/2020 19:21:21 - INFO: Time for Mini batch : 0.06245899200439453
10/10/2020 19:21:22 - INFO: Mini batch Iter: 11 train_loss= 12.48394
10/10/2020 19:21:22 - INFO: Time for Mini batch : 0.0781090259552002
10/10/2020 19:21:22 - INFO: Mini batch Iter: 12 train_loss= 12.47313
10/10/2020 19:21:22 - INFO: Time for Mini batch : 0.06226372718811035
10/10/2020 19:21:23 - INFO: Mini batch Iter: 13 train_loss= 12.47490
10/10/2020 19:21:23 - INFO: Time for Mini batch : 0.062491655349731445
10/10/2020 19:21:23 - INFO: Mini batch Iter: 14 train_loss= 12.47324
10/10/2020 19:21:23 - INFO: Time for Mini batch : 0.06245851516723633
10/10/2020 19:21:24 - INFO: Mini batch Iter: 15 train_loss= 12.47682
10/10/2020 19:21:24 - INFO: Time for Mini batch : 0.062384843826293945
10/10/2020 19:21:24 - INFO: Mini batch Iter: 16 train_loss= 12.47866
10/10/2020 19:21:24 - INFO: Time for Mini batch : 0.06245875358581543
10/10/2020 19:21:25 - INFO: Mini batch Iter: 17 train_loss= 12.48010
10/10/2020 19:21:25 - INFO: Time for Mini batch : 0.06245851516723633
10/10/2020 19:21:25 - INFO: Mini batch Iter: 18 train_loss= 12.47416
10/10/2020 19:21:25 - INFO: Time for Mini batch : 0.06296300888061523
10/10/2020 19:21:25 - INFO: Time for epoch : 1.2032759189605713
10/10/2020 19:21:35 - INFO: Val results at epoch 17: Measure (HAD) AUC: 0.655862603305785
10/10/2020 19:21:35 - INFO: Test results at epoch 17: Measure (HAD) AUC: 0.653398182885689
10/10/2020 19:21:36 - INFO: Mini batch Iter: 0 train_loss= 12.47523
10/10/2020 19:21:36 - INFO: Time for Mini batch : 0.06248879432678223
10/10/2020 19:21:36 - INFO: Mini batch Iter: 1 train_loss= 12.47518
10/10/2020 19:21:36 - INFO: Time for Mini batch : 0.06297516822814941
10/10/2020 19:21:37 - INFO: Mini batch Iter: 2 train_loss= 12.48026
10/10/2020 19:21:37 - INFO: Time for Mini batch : 0.06245923042297363
10/10/2020 19:21:37 - INFO: Mini batch Iter: 3 train_loss= 12.47184
10/10/2020 19:21:37 - INFO: Time for Mini batch : 0.062233686447143555
10/10/2020 19:21:38 - INFO: Mini batch Iter: 4 train_loss= 12.47404
10/10/2020 19:21:38 - INFO: Time for Mini batch : 0.06248950958251953
10/10/2020 19:21:38 - INFO: Mini batch Iter: 5 train_loss= 12.47993
10/10/2020 19:21:38 - INFO: Time for Mini batch : 0.07794022560119629
10/10/2020 19:21:39 - INFO: Mini batch Iter: 6 train_loss= 12.47304
10/10/2020 19:21:39 - INFO: Time for Mini batch : 0.062177419662475586
10/10/2020 19:21:39 - INFO: Mini batch Iter: 7 train_loss= 12.47817
10/10/2020 19:21:39 - INFO: Time for Mini batch : 0.06234264373779297
10/10/2020 19:21:40 - INFO: Mini batch Iter: 8 train_loss= 12.47442
10/10/2020 19:21:40 - INFO: Time for Mini batch : 0.06207132339477539
10/10/2020 19:21:40 - INFO: Mini batch Iter: 9 train_loss= 12.47508
10/10/2020 19:21:40 - INFO: Time for Mini batch : 0.06228923797607422
10/10/2020 19:21:41 - INFO: Mini batch Iter: 10 train_loss= 12.47479
10/10/2020 19:21:41 - INFO: Time for Mini batch : 0.06280755996704102
10/10/2020 19:21:42 - INFO: Mini batch Iter: 11 train_loss= 12.48511
10/10/2020 19:21:42 - INFO: Time for Mini batch : 0.0623624324798584
10/10/2020 19:21:42 - INFO: Mini batch Iter: 12 train_loss= 12.48046
10/10/2020 19:21:42 - INFO: Time for Mini batch : 0.06228375434875488
10/10/2020 19:21:43 - INFO: Mini batch Iter: 13 train_loss= 12.48288
10/10/2020 19:21:43 - INFO: Time for Mini batch : 0.06285429000854492
10/10/2020 19:21:43 - INFO: Mini batch Iter: 14 train_loss= 12.47606
10/10/2020 19:21:43 - INFO: Time for Mini batch : 0.060282230377197266
10/10/2020 19:21:44 - INFO: Mini batch Iter: 15 train_loss= 12.47693
10/10/2020 19:21:44 - INFO: Time for Mini batch : 0.07807326316833496
10/10/2020 19:21:44 - INFO: Mini batch Iter: 16 train_loss= 12.47480
10/10/2020 19:21:44 - INFO: Time for Mini batch : 0.062453508377075195
10/10/2020 19:21:45 - INFO: Mini batch Iter: 17 train_loss= 12.47928
10/10/2020 19:21:45 - INFO: Time for Mini batch : 0.06296253204345703
10/10/2020 19:21:45 - INFO: Mini batch Iter: 18 train_loss= nan
10/10/2020 19:21:45 - INFO: Time for Mini batch : 0.06296515464782715
10/10/2020 19:21:45 - INFO: Time for epoch : 1.2165119647979736
10/10/2020 19:21:54 - INFO: Best epoch 6
10/10/2020 19:21:55 - INFO: Best epoch val results defaultdict(<function evaluate_classifier.<locals>.<lambda> at 0x000001A9A53BA840>, {'SIGMOID': [0.4436902763429752, 0.4436902763429752], 'HAD': [0.6677777419077136, 0.6677777419077136]})

10/10/2020 19:21:55 - INFO: Best epoch test results defaultdict(<function evaluate_classifier.<locals>.<lambda> at 0x000001A9A53BA950>, {'SIGMOID': [0.4638650499059599, 0.4638650499059599], 'HAD': [0.6630057021166496, 0.6630057021166496]})

10/10/2020 19:22:23 - INFO: dict_items([('base_model', 'SageDy'), ('model', 'default'), ('dataset', 'yelp_new'), ('time_steps', 10), ('GPU_ID', 0), ('epochs', 100), ('batch_size', 128), ('featureless', True), ('max_gradient_norm', 1.0), ('test_freq', 1), ('val_freq', 1), ('neg_sample_size', 10), ('walk_len', 40), ('neg_weight', 1.0), ('learning_rate', 1e-05), ('spatial_drop', 0.1), ('temporal_drop', 0.5), ('weight_decay', 0.0005), ('use_residual', False), ('identity_dim', 128), ('aggregator_layer', 'sagedy'), ('samples_1', 25), ('samples_2', 10), ('dim_1', 128), ('dim_2', 128), ('hidden1', 128), ('hidden2', 128), ('max_degree', 100), ('structural_head_config', '16'), ('structural_layer_config', '128'), ('temporal_head_config', '16'), ('temporal_layer_config', '128'), ('position_ffn', True), ('optimizer', 'adam'), ('seed', 7), ('save_dir', 'output'), ('log_dir', 'log'), ('csv_dir', 'csv'), ('model_dir', 'model'), ('window', -1)])
10/10/2020 19:22:30 - INFO: # train: 1058, # val: 1056, # test: 3170
10/10/2020 19:22:50 - WARNING: From C:\Users\Administrator\Desktop\SageDy\SageDy\models.py:330: arg_max (from tensorflow.python.ops.gen_math_ops) is deprecated and will be removed in a future version.
Instructions for updating:
Use `argmax` instead
10/10/2020 19:23:03 - INFO: Mini batch Iter: 0 train_loss= 12.50663
10/10/2020 19:23:03 - INFO: Time for Mini batch : 4.484466552734375
10/10/2020 19:23:03 - INFO: Mini batch Iter: 1 train_loss= 12.47351
10/10/2020 19:23:03 - INFO: Time for Mini batch : 0.04686450958251953
10/10/2020 19:23:03 - INFO: Mini batch Iter: 2 train_loss= 12.47322
10/10/2020 19:23:03 - INFO: Time for Mini batch : 0.04683089256286621
10/10/2020 19:23:04 - INFO: Mini batch Iter: 3 train_loss= nan
10/10/2020 19:23:04 - INFO: Time for Mini batch : 0.04723048210144043
10/10/2020 19:23:04 - INFO: Mini batch Iter: 4 train_loss= nan
10/10/2020 19:23:04 - INFO: Time for Mini batch : 0.04686450958251953
10/10/2020 19:23:04 - INFO: Mini batch Iter: 5 train_loss= nan
10/10/2020 19:23:04 - INFO: Time for Mini batch : 0.05142068862915039
10/10/2020 19:23:04 - INFO: Mini batch Iter: 6 train_loss= nan
10/10/2020 19:23:04 - INFO: Time for Mini batch : 0.04686403274536133
10/10/2020 19:23:05 - INFO: Mini batch Iter: 7 train_loss= nan
10/10/2020 19:23:05 - INFO: Time for Mini batch : 0.04686546325683594
10/10/2020 19:23:05 - INFO: Mini batch Iter: 8 train_loss= nan
10/10/2020 19:23:05 - INFO: Time for Mini batch : 0.04686546325683594
10/10/2020 19:23:05 - INFO: Mini batch Iter: 9 train_loss= nan
10/10/2020 19:23:05 - INFO: Time for Mini batch : 0.04686331748962402
10/10/2020 19:23:06 - INFO: Mini batch Iter: 10 train_loss= nan
10/10/2020 19:23:06 - INFO: Time for Mini batch : 0.04660463333129883
10/10/2020 19:23:06 - INFO: Mini batch Iter: 11 train_loss= nan
10/10/2020 19:23:06 - INFO: Time for Mini batch : 0.04686307907104492
10/10/2020 19:23:06 - INFO: Mini batch Iter: 12 train_loss= nan
10/10/2020 19:23:06 - INFO: Time for Mini batch : 0.046837806701660156
10/10/2020 19:23:06 - INFO: Mini batch Iter: 13 train_loss= nan
10/10/2020 19:23:06 - INFO: Time for Mini batch : 0.046837568283081055
10/10/2020 19:23:07 - INFO: Mini batch Iter: 14 train_loss= nan
10/10/2020 19:23:07 - INFO: Time for Mini batch : 0.04663801193237305
10/10/2020 19:23:07 - INFO: Mini batch Iter: 15 train_loss= nan
10/10/2020 19:23:07 - INFO: Time for Mini batch : 0.04686450958251953
10/10/2020 19:23:07 - INFO: Mini batch Iter: 16 train_loss= nan
10/10/2020 19:23:07 - INFO: Time for Mini batch : 0.04686474800109863
10/10/2020 19:23:08 - INFO: Mini batch Iter: 17 train_loss= nan
10/10/2020 19:23:08 - INFO: Time for Mini batch : 0.0467534065246582
10/10/2020 19:23:08 - INFO: Mini batch Iter: 18 train_loss= nan
10/10/2020 19:23:08 - INFO: Time for Mini batch : 0.046755313873291016
10/10/2020 19:23:08 - INFO: Mini batch Iter: 19 train_loss= nan
10/10/2020 19:23:08 - INFO: Time for Mini batch : 0.04683709144592285
10/10/2020 19:23:09 - INFO: Mini batch Iter: 20 train_loss= nan
10/10/2020 19:23:09 - INFO: Time for Mini batch : 0.04686546325683594
10/10/2020 19:23:09 - INFO: Mini batch Iter: 21 train_loss= nan
10/10/2020 19:23:09 - INFO: Time for Mini batch : 0.04663681983947754
10/10/2020 19:23:09 - INFO: Mini batch Iter: 22 train_loss= nan
10/10/2020 19:23:09 - INFO: Time for Mini batch : 0.05241537094116211
10/10/2020 19:23:09 - INFO: Mini batch Iter: 23 train_loss= nan
10/10/2020 19:23:09 - INFO: Time for Mini batch : 0.04683494567871094
10/10/2020 19:23:10 - INFO: Mini batch Iter: 24 train_loss= nan
10/10/2020 19:23:10 - INFO: Time for Mini batch : 0.04686999320983887
10/10/2020 19:23:10 - INFO: Mini batch Iter: 25 train_loss= nan
10/10/2020 19:23:10 - INFO: Time for Mini batch : 0.04686594009399414
10/10/2020 19:23:10 - INFO: Mini batch Iter: 26 train_loss= nan
10/10/2020 19:23:10 - INFO: Time for Mini batch : 0.046837806701660156
10/10/2020 19:23:11 - INFO: Mini batch Iter: 27 train_loss= nan
10/10/2020 19:23:11 - INFO: Time for Mini batch : 0.046784162521362305
10/10/2020 19:23:11 - INFO: Mini batch Iter: 28 train_loss= nan
10/10/2020 19:23:11 - INFO: Time for Mini batch : 0.04686474800109863
10/10/2020 19:23:11 - INFO: Mini batch Iter: 29 train_loss= nan
10/10/2020 19:23:11 - INFO: Time for Mini batch : 0.04686427116394043
10/10/2020 19:23:11 - INFO: Mini batch Iter: 30 train_loss= nan
10/10/2020 19:23:11 - INFO: Time for Mini batch : 0.04686427116394043
10/10/2020 19:23:12 - INFO: Mini batch Iter: 31 train_loss= nan
10/10/2020 19:23:12 - INFO: Time for Mini batch : 0.06245684623718262
10/10/2020 19:23:12 - INFO: Mini batch Iter: 32 train_loss= nan
10/10/2020 19:23:12 - INFO: Time for Mini batch : 0.04683518409729004
10/10/2020 19:23:12 - INFO: Mini batch Iter: 33 train_loss= nan
10/10/2020 19:23:12 - INFO: Time for Mini batch : 0.04683685302734375
10/10/2020 19:23:13 - INFO: Mini batch Iter: 34 train_loss= nan
10/10/2020 19:23:13 - INFO: Time for Mini batch : 0.04666566848754883
10/10/2020 19:23:13 - INFO: Mini batch Iter: 35 train_loss= nan
10/10/2020 19:23:13 - INFO: Time for Mini batch : 0.04686450958251953
10/10/2020 19:23:13 - INFO: Mini batch Iter: 36 train_loss= nan
10/10/2020 19:23:13 - INFO: Time for Mini batch : 0.04683685302734375
10/10/2020 19:23:14 - INFO: Mini batch Iter: 37 train_loss= nan
10/10/2020 19:23:14 - INFO: Time for Mini batch : 0.031242847442626953
10/10/2020 19:23:14 - INFO: Time for epoch : 6.2118144035339355
10/10/2020 19:24:17 - INFO: dict_items([('base_model', 'SageDy'), ('model', 'default'), ('dataset', 'yelp_new'), ('time_steps', 10), ('GPU_ID', 0), ('epochs', 100), ('batch_size', 128), ('featureless', True), ('max_gradient_norm', 1.0), ('test_freq', 1), ('val_freq', 1), ('neg_sample_size', 10), ('walk_len', 40), ('neg_weight', 1.0), ('learning_rate', 1e-05), ('spatial_drop', 0.1), ('temporal_drop', 0.5), ('weight_decay', 0.0005), ('use_residual', False), ('identity_dim', 128), ('aggregator_layer', 'sagedy'), ('samples_1', 25), ('samples_2', 10), ('dim_1', 128), ('dim_2', 128), ('hidden1', 128), ('hidden2', 128), ('max_degree', 100), ('structural_head_config', '16'), ('structural_layer_config', '128'), ('temporal_head_config', '16'), ('temporal_layer_config', '128'), ('position_ffn', True), ('optimizer', 'adam'), ('seed', 7), ('save_dir', 'output'), ('log_dir', 'log'), ('csv_dir', 'csv'), ('model_dir', 'model'), ('window', -1)])
10/10/2020 19:24:23 - INFO: # train: 1058, # val: 1056, # test: 3170
10/10/2020 19:24:43 - WARNING: From C:\Users\Administrator\Desktop\SageDy\SageDy\models.py:330: arg_max (from tensorflow.python.ops.gen_math_ops) is deprecated and will be removed in a future version.
Instructions for updating:
Use `argmax` instead
10/10/2020 19:24:56 - INFO: Mini batch Iter: 0 train_loss= 12.50663
10/10/2020 19:24:56 - INFO: Time for Mini batch : 4.406659126281738
10/10/2020 19:24:57 - INFO: Mini batch Iter: 1 train_loss= 12.47351
10/10/2020 19:24:57 - INFO: Time for Mini batch : 0.04686427116394043
10/10/2020 19:24:57 - INFO: Mini batch Iter: 2 train_loss= 12.47322
10/10/2020 19:24:57 - INFO: Time for Mini batch : 0.046866416931152344
10/10/2020 19:24:57 - INFO: Mini batch Iter: 3 train_loss= 12.54312
10/10/2020 19:24:57 - INFO: Time for Mini batch : 0.04734039306640625
10/10/2020 19:24:57 - INFO: Mini batch Iter: 4 train_loss= 12.47492
10/10/2020 19:24:57 - INFO: Time for Mini batch : 0.04683637619018555
10/10/2020 19:24:58 - INFO: Mini batch Iter: 5 train_loss= 12.50518
10/10/2020 19:24:58 - INFO: Time for Mini batch : 0.04684877395629883
10/10/2020 19:24:58 - INFO: Mini batch Iter: 6 train_loss= 12.52113
10/10/2020 19:24:58 - INFO: Time for Mini batch : 0.046866655349731445
10/10/2020 19:24:58 - INFO: Mini batch Iter: 7 train_loss= 12.48394
10/10/2020 19:24:58 - INFO: Time for Mini batch : 0.04683685302734375
10/10/2020 19:24:59 - INFO: Mini batch Iter: 8 train_loss= 12.53518
10/10/2020 19:24:59 - INFO: Time for Mini batch : 0.046755075454711914
10/10/2020 19:24:59 - INFO: Mini batch Iter: 9 train_loss= 12.48300
10/10/2020 19:24:59 - INFO: Time for Mini batch : 0.04683494567871094
10/10/2020 19:24:59 - INFO: Mini batch Iter: 10 train_loss= 12.51005
10/10/2020 19:24:59 - INFO: Time for Mini batch : 0.04924321174621582
10/10/2020 19:25:00 - INFO: Mini batch Iter: 11 train_loss= 12.51545
10/10/2020 19:25:00 - INFO: Time for Mini batch : 0.046836137771606445
10/10/2020 19:25:00 - INFO: Mini batch Iter: 12 train_loss= 12.49333
10/10/2020 19:25:00 - INFO: Time for Mini batch : 0.047339439392089844
10/10/2020 19:25:00 - INFO: Mini batch Iter: 13 train_loss= nan
10/10/2020 19:25:00 - INFO: Time for Mini batch : 0.04683518409729004
10/10/2020 19:25:00 - INFO: Mini batch Iter: 14 train_loss= nan
10/10/2020 19:25:00 - INFO: Time for Mini batch : 0.04683661460876465
10/10/2020 19:25:01 - INFO: Mini batch Iter: 15 train_loss= nan
10/10/2020 19:25:01 - INFO: Time for Mini batch : 0.04683566093444824
10/10/2020 19:25:01 - INFO: Mini batch Iter: 16 train_loss= nan
10/10/2020 19:25:01 - INFO: Time for Mini batch : 0.046834707260131836
10/10/2020 19:25:01 - INFO: Mini batch Iter: 17 train_loss= nan
10/10/2020 19:25:01 - INFO: Time for Mini batch : 0.06299018859863281
10/10/2020 19:25:02 - INFO: Mini batch Iter: 18 train_loss= nan
10/10/2020 19:25:02 - INFO: Time for Mini batch : 0.06299114227294922
10/10/2020 19:25:02 - INFO: Mini batch Iter: 19 train_loss= nan
10/10/2020 19:25:02 - INFO: Time for Mini batch : 0.04683518409729004
10/10/2020 19:25:02 - INFO: Mini batch Iter: 20 train_loss= nan
10/10/2020 19:25:02 - INFO: Time for Mini batch : 0.04683518409729004
10/10/2020 19:25:02 - INFO: Mini batch Iter: 21 train_loss= nan
10/10/2020 19:25:02 - INFO: Time for Mini batch : 0.04683637619018555
10/10/2020 19:25:03 - INFO: Mini batch Iter: 22 train_loss= nan
10/10/2020 19:25:03 - INFO: Time for Mini batch : 0.046834707260131836
10/10/2020 19:25:03 - INFO: Mini batch Iter: 23 train_loss= nan
10/10/2020 19:25:03 - INFO: Time for Mini batch : 0.046837568283081055
10/10/2020 19:25:03 - INFO: Mini batch Iter: 24 train_loss= nan
10/10/2020 19:25:03 - INFO: Time for Mini batch : 0.04683709144592285
10/10/2020 19:25:04 - INFO: Mini batch Iter: 25 train_loss= nan
10/10/2020 19:25:04 - INFO: Time for Mini batch : 0.04675555229187012
10/10/2020 19:25:04 - INFO: Mini batch Iter: 26 train_loss= nan
10/10/2020 19:25:04 - INFO: Time for Mini batch : 0.046835899353027344
10/10/2020 19:25:04 - INFO: Mini batch Iter: 27 train_loss= nan
10/10/2020 19:25:04 - INFO: Time for Mini batch : 0.031217098236083984
10/10/2020 19:25:05 - INFO: Mini batch Iter: 28 train_loss= nan
10/10/2020 19:25:05 - INFO: Time for Mini batch : 0.04675436019897461
10/10/2020 19:25:05 - INFO: Mini batch Iter: 29 train_loss= nan
10/10/2020 19:25:05 - INFO: Time for Mini batch : 0.046837806701660156
10/10/2020 19:25:05 - INFO: Mini batch Iter: 30 train_loss= nan
10/10/2020 19:25:05 - INFO: Time for Mini batch : 0.046837568283081055
10/10/2020 19:25:05 - INFO: Mini batch Iter: 31 train_loss= nan
10/10/2020 19:25:05 - INFO: Time for Mini batch : 0.046837806701660156
10/10/2020 19:25:06 - INFO: Mini batch Iter: 32 train_loss= nan
10/10/2020 19:25:06 - INFO: Time for Mini batch : 0.04686784744262695
10/10/2020 19:25:06 - INFO: Mini batch Iter: 33 train_loss= nan
10/10/2020 19:25:06 - INFO: Time for Mini batch : 0.04683279991149902
10/10/2020 19:25:06 - INFO: Mini batch Iter: 34 train_loss= nan
10/10/2020 19:25:06 - INFO: Time for Mini batch : 0.04683709144592285
10/10/2020 19:25:07 - INFO: Mini batch Iter: 35 train_loss= nan
10/10/2020 19:25:07 - INFO: Time for Mini batch : 0.04663729667663574
10/10/2020 19:25:07 - INFO: Mini batch Iter: 36 train_loss= nan
10/10/2020 19:25:07 - INFO: Time for Mini batch : 0.04683542251586914
10/10/2020 19:25:07 - INFO: Mini batch Iter: 37 train_loss= nan
10/10/2020 19:25:07 - INFO: Time for Mini batch : 0.031214475631713867
10/10/2020 19:25:07 - INFO: Time for epoch : 6.143768310546875
10/10/2020 19:26:44 - INFO: dict_items([('base_model', 'SageDy'), ('model', 'default'), ('dataset', 'yelp_new'), ('time_steps', 10), ('GPU_ID', 0), ('epochs', 100), ('batch_size', 128), ('featureless', True), ('max_gradient_norm', 1.0), ('test_freq', 1), ('val_freq', 1), ('neg_sample_size', 10), ('walk_len', 40), ('neg_weight', 1.0), ('learning_rate', 0.0001), ('spatial_drop', 0.1), ('temporal_drop', 0.5), ('weight_decay', 0.0005), ('use_residual', False), ('identity_dim', 128), ('aggregator_layer', 'sagedy'), ('samples_1', 25), ('samples_2', 10), ('dim_1', 128), ('dim_2', 128), ('hidden1', 128), ('hidden2', 128), ('max_degree', 100), ('structural_head_config', '16'), ('structural_layer_config', '128'), ('temporal_head_config', '16'), ('temporal_layer_config', '128'), ('position_ffn', True), ('optimizer', 'adam'), ('seed', 7), ('save_dir', 'output'), ('log_dir', 'log'), ('csv_dir', 'csv'), ('model_dir', 'model'), ('window', -1)])
10/10/2020 19:26:50 - INFO: # train: 1058, # val: 1056, # test: 3170
10/10/2020 19:27:10 - WARNING: From C:\Users\Administrator\Desktop\SageDy\SageDy\models.py:330: arg_max (from tensorflow.python.ops.gen_math_ops) is deprecated and will be removed in a future version.
Instructions for updating:
Use `argmax` instead
10/10/2020 19:27:23 - INFO: Mini batch Iter: 0 train_loss= 12.50663
10/10/2020 19:27:23 - INFO: Time for Mini batch : 4.67186427116394
10/10/2020 19:27:23 - INFO: Mini batch Iter: 1 train_loss= 12.47282
10/10/2020 19:27:23 - INFO: Time for Mini batch : 0.04685807228088379
10/10/2020 19:27:24 - INFO: Mini batch Iter: 2 train_loss= 12.47330
10/10/2020 19:27:24 - INFO: Time for Mini batch : 0.04686570167541504
10/10/2020 19:27:24 - INFO: Mini batch Iter: 3 train_loss= 12.53679
10/10/2020 19:27:24 - INFO: Time for Mini batch : 0.047373056411743164
10/10/2020 19:27:24 - INFO: Mini batch Iter: 4 train_loss= 12.47508
10/10/2020 19:27:24 - INFO: Time for Mini batch : 0.06245899200439453
10/10/2020 19:27:25 - INFO: Mini batch Iter: 5 train_loss= nan
10/10/2020 19:27:25 - INFO: Time for Mini batch : 0.04687309265136719
10/10/2020 19:27:25 - INFO: Mini batch Iter: 6 train_loss= nan
10/10/2020 19:27:25 - INFO: Time for Mini batch : 0.04683685302734375
10/10/2020 19:27:25 - INFO: Mini batch Iter: 7 train_loss= nan
10/10/2020 19:27:25 - INFO: Time for Mini batch : 0.04683685302734375
10/10/2020 19:27:25 - INFO: Mini batch Iter: 8 train_loss= nan
10/10/2020 19:27:25 - INFO: Time for Mini batch : 0.04683709144592285
10/10/2020 19:27:26 - INFO: Mini batch Iter: 9 train_loss= nan
10/10/2020 19:27:26 - INFO: Time for Mini batch : 0.04683542251586914
10/10/2020 19:27:26 - INFO: Mini batch Iter: 10 train_loss= nan
10/10/2020 19:27:26 - INFO: Time for Mini batch : 0.04686474800109863
10/10/2020 19:27:26 - INFO: Mini batch Iter: 11 train_loss= nan
10/10/2020 19:27:26 - INFO: Time for Mini batch : 0.04686379432678223
10/10/2020 19:27:27 - INFO: Mini batch Iter: 12 train_loss= nan
10/10/2020 19:27:27 - INFO: Time for Mini batch : 0.04686546325683594
10/10/2020 19:27:27 - INFO: Mini batch Iter: 13 train_loss= nan
10/10/2020 19:27:27 - INFO: Time for Mini batch : 0.04686474800109863
10/10/2020 19:27:27 - INFO: Mini batch Iter: 14 train_loss= nan
10/10/2020 19:27:27 - INFO: Time for Mini batch : 0.04686450958251953
10/10/2020 19:27:28 - INFO: Mini batch Iter: 15 train_loss= nan
10/10/2020 19:27:28 - INFO: Time for Mini batch : 0.0467829704284668
10/10/2020 19:27:28 - INFO: Mini batch Iter: 16 train_loss= nan
10/10/2020 19:27:28 - INFO: Time for Mini batch : 0.046892404556274414
10/10/2020 19:27:28 - INFO: Mini batch Iter: 17 train_loss= nan
10/10/2020 19:27:28 - INFO: Time for Mini batch : 0.046814680099487305
10/10/2020 19:27:29 - INFO: Mini batch Iter: 18 train_loss= nan
10/10/2020 19:27:29 - INFO: Time for Mini batch : 0.04734468460083008
10/10/2020 19:27:29 - INFO: Mini batch Iter: 19 train_loss= nan
10/10/2020 19:27:29 - INFO: Time for Mini batch : 0.04683804512023926
10/10/2020 19:27:29 - INFO: Mini batch Iter: 20 train_loss= nan
10/10/2020 19:27:29 - INFO: Time for Mini batch : 0.04683732986450195
10/10/2020 19:27:29 - INFO: Mini batch Iter: 21 train_loss= nan
10/10/2020 19:27:29 - INFO: Time for Mini batch : 0.04683828353881836
10/10/2020 19:27:30 - INFO: Mini batch Iter: 22 train_loss= nan
10/10/2020 19:27:30 - INFO: Time for Mini batch : 0.0467526912689209
10/10/2020 19:27:30 - INFO: Mini batch Iter: 23 train_loss= nan
10/10/2020 19:27:30 - INFO: Time for Mini batch : 0.04683399200439453
10/10/2020 19:27:30 - INFO: Mini batch Iter: 24 train_loss= nan
10/10/2020 19:27:30 - INFO: Time for Mini batch : 0.04686450958251953
10/10/2020 19:27:31 - INFO: Mini batch Iter: 25 train_loss= nan
10/10/2020 19:27:31 - INFO: Time for Mini batch : 0.046808719635009766
10/10/2020 19:27:31 - INFO: Mini batch Iter: 26 train_loss= nan
10/10/2020 19:27:31 - INFO: Time for Mini batch : 0.046837806701660156
10/10/2020 19:27:31 - INFO: Mini batch Iter: 27 train_loss= nan
10/10/2020 19:27:31 - INFO: Time for Mini batch : 0.04683661460876465
10/10/2020 19:27:31 - INFO: Mini batch Iter: 28 train_loss= nan
10/10/2020 19:27:31 - INFO: Time for Mini batch : 0.04683518409729004
10/10/2020 19:27:32 - INFO: Mini batch Iter: 29 train_loss= nan
10/10/2020 19:27:32 - INFO: Time for Mini batch : 0.04686546325683594
10/10/2020 19:27:32 - INFO: Mini batch Iter: 30 train_loss= nan
10/10/2020 19:27:32 - INFO: Time for Mini batch : 0.04686689376831055
10/10/2020 19:27:32 - INFO: Mini batch Iter: 31 train_loss= nan
10/10/2020 19:27:32 - INFO: Time for Mini batch : 0.04683566093444824
10/10/2020 19:27:33 - INFO: Mini batch Iter: 32 train_loss= nan
10/10/2020 19:27:33 - INFO: Time for Mini batch : 0.046792030334472656
10/10/2020 19:27:33 - INFO: Mini batch Iter: 33 train_loss= nan
10/10/2020 19:27:33 - INFO: Time for Mini batch : 0.047342538833618164
10/10/2020 19:27:33 - INFO: Mini batch Iter: 34 train_loss= nan
10/10/2020 19:27:33 - INFO: Time for Mini batch : 0.04683661460876465
10/10/2020 19:27:34 - INFO: Mini batch Iter: 35 train_loss= nan
10/10/2020 19:27:34 - INFO: Time for Mini batch : 0.046750545501708984
10/10/2020 19:27:34 - INFO: Mini batch Iter: 36 train_loss= nan
10/10/2020 19:27:34 - INFO: Time for Mini batch : 0.04683423042297363
10/10/2020 19:27:34 - INFO: Mini batch Iter: 37 train_loss= nan
10/10/2020 19:27:34 - INFO: Time for Mini batch : 0.046892642974853516
10/10/2020 19:27:34 - INFO: Time for epoch : 6.406476259231567
10/10/2020 19:28:59 - INFO: dict_items([('base_model', 'SageDy'), ('model', 'default'), ('dataset', 'yelp_new'), ('time_steps', 10), ('GPU_ID', 0), ('epochs', 100), ('batch_size', 128), ('featureless', True), ('max_gradient_norm', 1.0), ('test_freq', 1), ('val_freq', 1), ('neg_sample_size', 10), ('walk_len', 40), ('neg_weight', 0.8), ('learning_rate', 0.0001), ('spatial_drop', 0.1), ('temporal_drop', 0.5), ('weight_decay', 0.0005), ('use_residual', False), ('identity_dim', 128), ('aggregator_layer', 'sagedy'), ('samples_1', 25), ('samples_2', 10), ('dim_1', 128), ('dim_2', 128), ('hidden1', 128), ('hidden2', 128), ('max_degree', 100), ('structural_head_config', '16'), ('structural_layer_config', '128'), ('temporal_head_config', '16'), ('temporal_layer_config', '128'), ('position_ffn', True), ('optimizer', 'adam'), ('seed', 7), ('save_dir', 'output'), ('log_dir', 'log'), ('csv_dir', 'csv'), ('model_dir', 'model'), ('window', -1)])
10/10/2020 19:29:06 - INFO: # train: 1058, # val: 1056, # test: 3170
10/10/2020 19:29:26 - WARNING: From C:\Users\Administrator\Desktop\SageDy\SageDy\models.py:330: arg_max (from tensorflow.python.ops.gen_math_ops) is deprecated and will be removed in a future version.
Instructions for updating:
Use `argmax` instead
10/10/2020 19:29:40 - INFO: Mini batch Iter: 0 train_loss= 11.25045
10/10/2020 19:29:40 - INFO: Time for Mini batch : 4.609694004058838
10/10/2020 19:29:40 - INFO: Mini batch Iter: 1 train_loss= 11.22051
10/10/2020 19:29:40 - INFO: Time for Mini batch : 0.04663896560668945
10/10/2020 19:29:40 - INFO: Mini batch Iter: 2 train_loss= 11.22368
10/10/2020 19:29:40 - INFO: Time for Mini batch : 0.04734492301940918
10/10/2020 19:29:41 - INFO: Mini batch Iter: 3 train_loss= 11.27300
10/10/2020 19:29:41 - INFO: Time for Mini batch : 0.046835899353027344
10/10/2020 19:29:41 - INFO: Mini batch Iter: 4 train_loss= 11.22622
10/10/2020 19:29:41 - INFO: Time for Mini batch : 0.046836137771606445
10/10/2020 19:29:41 - INFO: Mini batch Iter: 5 train_loss= 11.24769
10/10/2020 19:29:41 - INFO: Time for Mini batch : 0.046785593032836914
10/10/2020 19:29:42 - INFO: Mini batch Iter: 6 train_loss= 11.25613
10/10/2020 19:29:42 - INFO: Time for Mini batch : 0.04737114906311035
10/10/2020 19:29:42 - INFO: Mini batch Iter: 7 train_loss= 11.23330
10/10/2020 19:29:42 - INFO: Time for Mini batch : 0.046793222427368164
10/10/2020 19:29:42 - INFO: Mini batch Iter: 8 train_loss= 11.25970
10/10/2020 19:29:42 - INFO: Time for Mini batch : 0.04675698280334473
10/10/2020 19:29:42 - INFO: Mini batch Iter: 9 train_loss= 11.23146
10/10/2020 19:29:42 - INFO: Time for Mini batch : 0.04683518409729004
10/10/2020 19:29:43 - INFO: Mini batch Iter: 10 train_loss= 11.24643
10/10/2020 19:29:43 - INFO: Time for Mini batch : 0.04664015769958496
10/10/2020 19:29:43 - INFO: Mini batch Iter: 11 train_loss= 11.24442
10/10/2020 19:29:43 - INFO: Time for Mini batch : 0.04666948318481445
10/10/2020 19:29:43 - INFO: Mini batch Iter: 12 train_loss= 11.23785
10/10/2020 19:29:43 - INFO: Time for Mini batch : 0.04683637619018555
10/10/2020 19:29:44 - INFO: Mini batch Iter: 13 train_loss= 11.22264
10/10/2020 19:29:44 - INFO: Time for Mini batch : 0.046756744384765625
10/10/2020 19:29:44 - INFO: Mini batch Iter: 14 train_loss= 11.24972
10/10/2020 19:29:44 - INFO: Time for Mini batch : 0.04678058624267578
10/10/2020 19:29:44 - INFO: Mini batch Iter: 15 train_loss= 11.25377
10/10/2020 19:29:44 - INFO: Time for Mini batch : 0.046833038330078125
10/10/2020 19:29:44 - INFO: Mini batch Iter: 16 train_loss= 11.27705
10/10/2020 19:29:44 - INFO: Time for Mini batch : 0.046762704849243164
10/10/2020 19:29:45 - INFO: Mini batch Iter: 17 train_loss= nan
10/10/2020 19:29:45 - INFO: Time for Mini batch : 0.04683399200439453
10/10/2020 19:29:45 - INFO: Mini batch Iter: 18 train_loss= nan
10/10/2020 19:29:45 - INFO: Time for Mini batch : 0.04678606986999512
10/10/2020 19:29:45 - INFO: Mini batch Iter: 19 train_loss= nan
10/10/2020 19:29:45 - INFO: Time for Mini batch : 0.04683518409729004
10/10/2020 19:29:46 - INFO: Mini batch Iter: 20 train_loss= nan
10/10/2020 19:29:46 - INFO: Time for Mini batch : 0.03124523162841797
10/10/2020 19:29:46 - INFO: Mini batch Iter: 21 train_loss= nan
10/10/2020 19:29:46 - INFO: Time for Mini batch : 0.031214237213134766
10/10/2020 19:29:46 - INFO: Mini batch Iter: 22 train_loss= nan
10/10/2020 19:29:46 - INFO: Time for Mini batch : 0.046762704849243164
10/10/2020 19:29:47 - INFO: Mini batch Iter: 23 train_loss= nan
10/10/2020 19:29:47 - INFO: Time for Mini batch : 0.04663801193237305
10/10/2020 19:29:47 - INFO: Mini batch Iter: 24 train_loss= nan
10/10/2020 19:29:47 - INFO: Time for Mini batch : 0.04683685302734375
10/10/2020 19:29:47 - INFO: Mini batch Iter: 25 train_loss= nan
10/10/2020 19:29:47 - INFO: Time for Mini batch : 0.04737401008605957
10/10/2020 19:29:47 - INFO: Mini batch Iter: 26 train_loss= nan
10/10/2020 19:29:47 - INFO: Time for Mini batch : 0.04683685302734375
10/10/2020 19:29:48 - INFO: Mini batch Iter: 27 train_loss= nan
10/10/2020 19:29:48 - INFO: Time for Mini batch : 0.0469818115234375
10/10/2020 19:29:48 - INFO: Mini batch Iter: 28 train_loss= nan
10/10/2020 19:29:48 - INFO: Time for Mini batch : 0.046837568283081055
10/10/2020 19:29:48 - INFO: Mini batch Iter: 29 train_loss= nan
10/10/2020 19:29:48 - INFO: Time for Mini batch : 0.047385215759277344
10/10/2020 19:29:49 - INFO: Mini batch Iter: 30 train_loss= nan
10/10/2020 19:29:49 - INFO: Time for Mini batch : 0.046836137771606445
10/10/2020 19:29:49 - INFO: Mini batch Iter: 31 train_loss= nan
10/10/2020 19:29:49 - INFO: Time for Mini batch : 0.04686784744262695
10/10/2020 19:29:49 - INFO: Mini batch Iter: 32 train_loss= nan
10/10/2020 19:29:49 - INFO: Time for Mini batch : 0.04729890823364258
10/10/2020 19:29:50 - INFO: Mini batch Iter: 33 train_loss= nan
10/10/2020 19:29:50 - INFO: Time for Mini batch : 0.04675626754760742
10/10/2020 19:29:50 - INFO: Mini batch Iter: 34 train_loss= nan
10/10/2020 19:29:50 - INFO: Time for Mini batch : 0.047341108322143555
10/10/2020 19:29:50 - INFO: Mini batch Iter: 35 train_loss= nan
10/10/2020 19:29:50 - INFO: Time for Mini batch : 0.046639204025268555
10/10/2020 19:29:50 - INFO: Mini batch Iter: 36 train_loss= nan
10/10/2020 19:29:50 - INFO: Time for Mini batch : 0.04683732986450195
10/10/2020 19:29:51 - INFO: Mini batch Iter: 37 train_loss= nan
10/10/2020 19:29:51 - INFO: Time for Mini batch : 0.04675698280334473
10/10/2020 19:29:51 - INFO: Time for epoch : 6.313072681427002
